time="2024-11-28T11:59:05+05:00" level=info msg="Configuration loaded"
time="2024-11-28T11:59:05+05:00" level=info msg="Connected to Postgresql"
time="2024-11-28T11:59:05+05:00" level=info msg="grpc server started :8003"
time="2024-11-28T12:00:12+05:00" level=info msg="CreateDebt: Started for Hadicha Chamahkamova"
time="2024-11-28T12:00:12+05:00" level=info msg="CreateDebt: Successfully created debt for Hadicha Chamahkamova"
time="2024-11-28T12:01:03+05:00" level=info msg="GetDebtByFilter: Started with search parameter "
time="2024-11-28T12:01:03+05:00" level=info msg="GetDebtByFilter: Successfully retrieved 1 debts"
time="2024-11-28T12:01:10+05:00" level=info msg="GetDebtByFilter: Started with search parameter Hadicha"
time="2024-11-28T12:01:10+05:00" level=info msg="GetDebtByFilter: Successfully retrieved 1 debts"
time="2024-11-28T12:01:15+05:00" level=info msg="GetDebtByFilter: Started with search parameter Hadichaxon"
time="2024-11-28T12:01:15+05:00" level=info msg="GetDebtByFilter: Successfully retrieved 0 debts"
time="2024-11-28T12:01:25+05:00" level=info msg="GetDebtByFilter: Started with search parameter "
time="2024-11-28T12:01:25+05:00" level=info msg="GetDebtByFilter: Successfully retrieved 1 debts"
time="2024-11-28T12:01:33+05:00" level=info msg="GetDebtByFilter: Started with search parameter Chamahkamova"
time="2024-11-28T12:01:33+05:00" level=info msg="GetDebtByFilter: Successfully retrieved 1 debts"
time="2024-11-28T12:01:48+05:00" level=info msg="GetDebtByFilter: Started with search parameter +998901234567"
time="2024-11-28T12:01:48+05:00" level=info msg="GetDebtByFilter: Successfully retrieved 1 debts"
time="2024-11-28T12:02:04+05:00" level=info msg="GetDebtByFilter: Started with search parameter 12345678901234"
time="2024-11-28T12:02:04+05:00" level=info msg="GetDebtByFilter: Successfully retrieved 1 debts"
time="2024-11-28T12:02:21+05:00" level=info msg="GetDebtByFilter: Started with search parameter 2024-12-31 00:00:00 +0000 +0000"
time="2024-11-28T12:02:21+05:00" level=info msg="GetDebtByFilter: Successfully retrieved 0 debts"
time="2024-11-28T12:02:31+05:00" level=info msg="GetDebtByFilter: Started with search parameter "
time="2024-11-28T12:02:31+05:00" level=info msg="GetDebtByFilter: Successfully retrieved 1 debts"
time="2024-11-28T12:02:42+05:00" level=info msg="GetDebtByFilter: Started with search parameter 2024-12-31 00:00:00 +0000 +0000"
time="2024-11-28T12:02:42+05:00" level=info msg="GetDebtByFilter: Successfully retrieved 0 debts"
time="2024-11-28T12:02:48+05:00" level=info msg="GetDebtByFilter: Started with search parameter "
time="2024-11-28T12:02:48+05:00" level=info msg="GetDebtByFilter: Successfully retrieved 1 debts"
time="2024-11-28T12:02:55+05:00" level=info msg="GetDebtByFilter: Started with search parameter John Doe"
time="2024-11-28T12:02:55+05:00" level=info msg="GetDebtByFilter: Successfully retrieved 1 debts"
time="2024-11-28T12:03:07+05:00" level=info msg="GetDebtByFilter: Started with search parameter Car - Toyota Camry 2020"
time="2024-11-28T12:03:07+05:00" level=info msg="GetDebtByFilter: Successfully retrieved 1 debts"
time="2024-11-28T12:03:34+05:00" level=info msg="GetDebtByFilter: Started with search parameter 2024-12-31 00:00:00 +0000 +0000"
time="2024-11-28T12:03:34+05:00" level=info msg="GetDebtByFilter: Successfully retrieved 0 debts"
time="2024-11-28T12:03:49+05:00" level=info msg="GetDebtByFilter: Started with search parameter 2024-12-31 00:00:00 +0000 +0000"
time="2024-11-28T12:03:49+05:00" level=info msg="GetDebtByFilter: Successfully retrieved 0 debts"
time="2024-11-28T12:04:12+05:00" level=info msg="GetDebtByFilter: Started with search parameter "
time="2024-11-28T12:04:12+05:00" level=info msg="GetDebtByFilter: Successfully retrieved 1 debts"
time="2024-11-28T12:08:51+05:00" level=info msg="GetDebtByFilter: Started with search parameter "
time="2024-11-28T12:08:51+05:00" level=info msg="GetDebtByFilter: Successfully retrieved 1 debts"
time="2024-11-28T12:09:47+05:00" level=info msg="Received signal: interrupt"
time="2024-11-28T12:09:47+05:00" level=info msg="stopping grpc server:8003"
time="2024-11-28T14:00:32+05:00" level=info msg="Configuration loaded"
time="2024-11-28T14:00:32+05:00" level=info msg="Connected to Postgresql"
time="2024-11-28T14:00:32+05:00" level=info msg="grpc server started :8003"
time="2024-11-28T14:00:53+05:00" level=info msg="GetDebtByFilter: Started with search parameter "
time="2024-11-28T14:00:53+05:00" level=error msg="GetDebtByFilter: Database error - pq: invalid input syntax for type timestamp: \"\""
time="2024-11-28T14:01:40+05:00" level=info msg="Received signal: interrupt"
time="2024-11-28T14:01:40+05:00" level=info msg="stopping grpc server:8003"
time="2024-11-28T14:02:06+05:00" level=info msg="Configuration loaded"
time="2024-11-28T14:02:06+05:00" level=info msg="Connected to Postgresql"
time="2024-11-28T14:02:06+05:00" level=info msg="grpc server started :8003"
time="2024-11-28T14:03:12+05:00" level=info msg="CreateDebt: Started for Alice Jane"
time="2024-11-28T14:03:12+05:00" level=info msg="CreateDebt: Successfully created debt for Alice Jane"
time="2024-11-28T14:03:51+05:00" level=info msg="Received signal: interrupt"
time="2024-11-28T14:03:51+05:00" level=info msg="stopping grpc server:8003"
time="2024-11-28T14:07:32+05:00" level=info msg="Configuration loaded"
time="2024-11-28T14:07:32+05:00" level=info msg="Connected to Postgresql"
time="2024-11-28T14:07:32+05:00" level=info msg="grpc server started :8003"
time="2024-11-28T14:07:50+05:00" level=info msg="GetDebtByFilter: Started with search parameter "
time="2024-11-28T14:07:50+05:00" level=info msg="GetDebtByFilter: Successfully retrieved 2 debts"
time="2024-11-28T14:07:59+05:00" level=info msg="GetDebtByFilter: Started with search parameter 2024-12-31"
time="2024-11-28T14:07:59+05:00" level=info msg="GetDebtByFilter: Successfully retrieved 2 debts"
time="2024-11-28T14:08:16+05:00" level=info msg="GetDebtByFilter: Started with search parameter 2024-12-31 00:00:00"
time="2024-11-28T14:08:16+05:00" level=info msg="GetDebtByFilter: Successfully retrieved 2 debts"
time="2024-11-28T14:09:26+05:00" level=info msg="Received signal: interrupt"
time="2024-11-28T14:09:26+05:00" level=info msg="stopping grpc server:8003"
time="2024-11-28T15:11:59+05:00" level=info msg="Configuration loaded"
time="2024-11-28T15:11:59+05:00" level=info msg="Connected to Postgresql"
time="2024-11-28T15:11:59+05:00" level=info msg="grpc server started :8003"
time="2024-11-28T15:12:00+05:00" level=info msg="Received signal: interrupt"
time="2024-11-28T15:12:00+05:00" level=info msg="stopping grpc server:8003"
