time="2024-11-26T18:43:26+05:00" level=info msg="Configuration loaded"
time="2024-11-26T18:43:26+05:00" level=fatal msg="dial tcp: lookup postgres on 127.0.0.53:53: server misbehaving"
time="2024-11-26T18:44:12+05:00" level=info msg="Configuration loaded"
time="2024-11-26T18:44:12+05:00" level=fatal msg="pq: database \"dashboarddb\" does not exist"
time="2024-11-26T18:47:09+05:00" level=info msg="Configuration loaded"
time="2024-11-26T18:47:09+05:00" level=info msg="Connected to Postgresql"
time="2024-11-26T18:47:09+05:00" level=info msg="grpc server started :8002"
time="2024-11-26T18:48:42+05:00" level=info msg="Received signal: interrupt"
time="2024-11-26T18:48:42+05:00" level=info msg="stopping grpc server:8002"
time="2024-11-26T18:48:47+05:00" level=info msg="Graceful shutdown complete."
time="2024-11-26T18:48:47+05:00" level=info msg="Kafka client closed successfully"
time="2024-11-26T18:48:50+05:00" level=info msg="Configuration loaded"
time="2024-11-26T18:48:50+05:00" level=info msg="Connected to Postgresql"
time="2024-11-26T18:48:50+05:00" level=info msg="Kafka consumer initialized successfully"
time="2024-11-26T18:48:50+05:00" level=info msg="grpc server started :8002"
time="2024-11-26T18:51:02+05:00" level=info msg="Received signal: interrupt"
time="2024-11-26T18:51:02+05:00" level=info msg="stopping grpc server:8002"
time="2024-11-26T18:51:07+05:00" level=info msg="Graceful shutdown complete."
time="2024-11-26T18:51:07+05:00" level=info msg="Kafka client closed successfully"
time="2024-11-26T18:57:00+05:00" level=info msg="Configuration loaded"
time="2024-11-26T18:57:00+05:00" level=info msg="Connected to Postgresql"
time="2024-11-26T18:57:00+05:00" level=info msg="Kafka consumer initialized successfully"
time="2024-11-26T18:57:00+05:00" level=info msg="grpc server started :8002"
time="2024-11-26T18:57:00+05:00" level=info msg="Received message - Key: 67447392f0f92fd6894c2558, Value: {\"cost_price\":100,\"product_id\":\"67447392f0f92fd6894c2558\",\"selling_price\":120}"
time="2024-11-26T18:57:00+05:00" level=info msg="UpsertProductSales: started: 67447392f0f92fd6894c2558"
time="2024-11-26T18:57:00+05:00" level=error msg="UpsertProductSales: error executing upsert query for product_id67447392f0f92fd6894c2558:pq: invalid input syntax for type uuid: \"67447392f0f92fd6894c2558\""
time="2024-11-26T18:57:00+05:00" level=error msg="Error upserting product saleserrorpq: invalid input syntax for type uuid: \"67447392f0f92fd6894c2558\"product_id67447392f0f92fd6894c2558"
time="2024-11-26T18:59:42+05:00" level=info msg="Configuration loaded"
time="2024-11-26T18:59:42+05:00" level=info msg="Connected to Postgresql"
time="2024-11-26T18:59:42+05:00" level=info msg="Kafka consumer initialized successfully"
time="2024-11-26T18:59:42+05:00" level=info msg="grpc server started :8002"
time="2024-11-26T18:59:42+05:00" level=info msg="Received message - Key: 67447392f0f92fd6894c2558, Value: {\"cost_price\":100,\"product_id\":\"67447392f0f92fd6894c2558\",\"selling_price\":120}"
time="2024-11-26T18:59:42+05:00" level=info msg="UpsertProductSales: started: 67447392f0f92fd6894c2558"
time="2024-11-26T18:59:42+05:00" level=info msg="UpsertProductSales: product sales upserted successfully for product_id - 67447392f0f92fd6894c2558"
time="2024-11-26T19:00:13+05:00" level=info msg="GetDashboardReport: started"
time="2024-11-26T19:00:13+05:00" level=info msg="GetDashboardReport: executing queryquery\n        SELECT \n            SUM(total_sales) AS total_sales,\n            SUM(cost_price) AS total_cost_price,\n            SUM(net_profit) AS total_net_profit,\n            SUM(units_sold) AS total_units_sold\n        FROM dashboard;\n    "
time="2024-11-26T19:00:13+05:00" level=info msg="GetDashboardReport: successfully retrieved report data"
time="2024-11-26T19:01:07+05:00" level=info msg="Received message - Key: 67447392f0f92fd6894c2558, Value: {\"cost_price\":100,\"product_id\":\"67447392f0f92fd6894c2558\",\"selling_price\":120}"
time="2024-11-26T19:01:07+05:00" level=info msg="UpsertProductSales: started: 67447392f0f92fd6894c2558"
time="2024-11-26T19:01:07+05:00" level=info msg="UpsertProductSales: product sales upserted successfully for product_id - 67447392f0f92fd6894c2558"
time="2024-11-26T19:01:28+05:00" level=info msg="GetDashboardReport: started"
time="2024-11-26T19:01:28+05:00" level=info msg="GetDashboardReport: executing queryquery\n        SELECT \n            SUM(total_sales) AS total_sales,\n            SUM(cost_price) AS total_cost_price,\n            SUM(net_profit) AS total_net_profit,\n            SUM(units_sold) AS total_units_sold\n        FROM dashboard;\n    "
time="2024-11-26T19:01:28+05:00" level=info msg="GetDashboardReport: successfully retrieved report data"
time="2024-11-27T14:28:13+05:00" level=info msg="Configuration loaded"
time="2024-11-27T14:28:13+05:00" level=info msg="Connected to Postgresql"
time="2024-11-27T14:28:13+05:00" level=info msg="Kafka consumer initialized successfully"
time="2024-11-27T14:28:13+05:00" level=info msg="grpc server started :8002"
time="2024-11-27T14:28:13+05:00" level=info msg="Received message - Key: 67447392f0f92fd6894c2558, Value: {\"cost_price\":100,\"product_id\":\"67447392f0f92fd6894c2558\",\"selling_price\":120}"
time="2024-11-27T14:28:13+05:00" level=info msg="UpsertProductSales: started: 67447392f0f92fd6894c2558"
time="2024-11-27T14:28:13+05:00" level=info msg="UpsertProductSales: product sales upserted successfully for product_id - 67447392f0f92fd6894c2558"
time="2024-11-27T14:28:13+05:00" level=info msg="Received message - Key: 67447392f0f92fd6894c2558, Value: {\"cost_price\":100,\"product_id\":\"67447392f0f92fd6894c2558\",\"selling_price\":120}"
time="2024-11-27T14:28:13+05:00" level=info msg="UpsertProductSales: started: 67447392f0f92fd6894c2558"
time="2024-11-27T14:28:13+05:00" level=info msg="UpsertProductSales: product sales upserted successfully for product_id - 67447392f0f92fd6894c2558"
time="2024-11-27T14:28:50+05:00" level=info msg="GetDashboardReport: started"
time="2024-11-27T14:28:50+05:00" level=info msg="GetDashboardReport: successfully retrieved report data"
time="2024-11-27T14:30:46+05:00" level=info msg="GetDashboardReport: started"
time="2024-11-27T14:30:46+05:00" level=info msg="GetDashboardReport: successfully retrieved report data"
time="2024-11-27T14:31:31+05:00" level=info msg="Received message - Key: 67447392f0f92fd6894c2558, Value: {\"cost_price\":50,\"product_id\":\"67447392f0f92fd6894c2558\",\"selling_price\":60}"
time="2024-11-27T14:31:31+05:00" level=info msg="UpsertProductSales: started: 67447392f0f92fd6894c2558"
time="2024-11-27T14:31:31+05:00" level=info msg="UpsertProductSales: product sales upserted successfully for product_id - 67447392f0f92fd6894c2558"
time="2024-11-27T14:31:36+05:00" level=info msg="GetDashboardReport: started"
time="2024-11-27T14:31:36+05:00" level=info msg="GetDashboardReport: successfully retrieved report data"
time="2024-11-27T14:38:46+05:00" level=info msg="Configuration loaded"
time="2024-11-27T14:38:46+05:00" level=info msg="Connected to Postgresql"
time="2024-11-27T14:38:46+05:00" level=info msg="Kafka consumer initialized successfully"
time="2024-11-27T14:38:46+05:00" level=info msg="grpc server started :8002"
time="2024-11-27T14:38:46+05:00" level=info msg="Received message - Key: 67447392f0f92fd6894c2558, Value: {\"cost_price\":100,\"product_id\":\"67447392f0f92fd6894c2558\",\"selling_price\":120}"
time="2024-11-27T14:38:46+05:00" level=info msg="UpsertProductSales: started: 67447392f0f92fd6894c2558"
time="2024-11-27T14:38:46+05:00" level=info msg="UpsertProductSales: product sales upserted successfully for product_id - 67447392f0f92fd6894c2558"
time="2024-11-27T14:38:46+05:00" level=info msg="Received message - Key: 67447392f0f92fd6894c2558, Value: {\"cost_price\":100,\"product_id\":\"67447392f0f92fd6894c2558\",\"selling_price\":120}"
time="2024-11-27T14:38:46+05:00" level=info msg="UpsertProductSales: started: 67447392f0f92fd6894c2558"
time="2024-11-27T14:38:46+05:00" level=info msg="UpsertProductSales: product sales upserted successfully for product_id - 67447392f0f92fd6894c2558"
time="2024-11-27T14:38:46+05:00" level=info msg="Received message - Key: 67447392f0f92fd6894c2558, Value: {\"cost_price\":50,\"product_id\":\"67447392f0f92fd6894c2558\",\"selling_price\":60}"
time="2024-11-27T14:38:46+05:00" level=info msg="UpsertProductSales: started: 67447392f0f92fd6894c2558"
time="2024-11-27T14:38:46+05:00" level=info msg="UpsertProductSales: product sales upserted successfully for product_id - 67447392f0f92fd6894c2558"
time="2024-11-27T14:39:03+05:00" level=info msg="GetDashboardReport: started"
time="2024-11-27T14:39:03+05:00" level=info msg="GetDashboardReport: successfully retrieved report data"
time="2024-11-27T14:39:09+05:00" level=info msg="GetDashboardReport: started"
time="2024-11-27T14:39:09+05:00" level=info msg="GetDashboardReport: successfully retrieved report data"
time="2024-11-27T14:39:41+05:00" level=info msg="Configuration loaded"
time="2024-11-27T14:39:41+05:00" level=info msg="Connected to Postgresql"
time="2024-11-27T14:39:41+05:00" level=info msg="Kafka consumer initialized successfully"
time="2024-11-27T14:39:41+05:00" level=info msg="grpc server started :8002"
time="2024-11-27T14:39:41+05:00" level=info msg="Received message - Key: 67447392f0f92fd6894c2558, Value: {\"cost_price\":100,\"product_id\":\"67447392f0f92fd6894c2558\",\"selling_price\":120}"
time="2024-11-27T14:39:41+05:00" level=info msg="UpsertProductSales: started: 67447392f0f92fd6894c2558"
time="2024-11-27T14:39:41+05:00" level=info msg="UpsertProductSales: product sales upserted successfully for product_id - 67447392f0f92fd6894c2558"
time="2024-11-27T14:39:41+05:00" level=info msg="Received message - Key: 67447392f0f92fd6894c2558, Value: {\"cost_price\":100,\"product_id\":\"67447392f0f92fd6894c2558\",\"selling_price\":120}"
time="2024-11-27T14:39:41+05:00" level=info msg="UpsertProductSales: started: 67447392f0f92fd6894c2558"
time="2024-11-27T14:39:41+05:00" level=info msg="UpsertProductSales: product sales upserted successfully for product_id - 67447392f0f92fd6894c2558"
time="2024-11-27T14:39:41+05:00" level=info msg="Received message - Key: 67447392f0f92fd6894c2558, Value: {\"cost_price\":50,\"product_id\":\"67447392f0f92fd6894c2558\",\"selling_price\":60}"
time="2024-11-27T14:39:41+05:00" level=info msg="UpsertProductSales: started: 67447392f0f92fd6894c2558"
time="2024-11-27T14:39:41+05:00" level=info msg="UpsertProductSales: product sales upserted successfully for product_id - 67447392f0f92fd6894c2558"
time="2024-11-27T14:39:54+05:00" level=info msg="GetDashboardReport: started"
time="2024-11-27T14:39:54+05:00" level=info msg="GetDashboardReport: successfully retrieved report data"
time="2024-11-27T15:00:31+05:00" level=info msg="Configuration loaded"
time="2024-11-27T15:00:31+05:00" level=info msg="Connected to Postgresql"
time="2024-11-27T15:00:31+05:00" level=info msg="Kafka consumer initialized successfully"
time="2024-11-27T15:00:31+05:00" level=info msg="grpc server started :8002"
time="2024-11-27T15:01:10+05:00" level=info msg="GetDashboardReport: started"
time="2024-11-27T15:01:10+05:00" level=error msg="GetDashboardReport: error retrieving report - sql: Scan error on column index 0, name \"total_sales\": converting NULL to int64 is unsupported"
time="2024-11-27T15:02:22+05:00" level=info msg="Configuration loaded"
time="2024-11-27T15:02:22+05:00" level=info msg="Connected to Postgresql"
time="2024-11-27T15:02:22+05:00" level=info msg="Kafka consumer initialized successfully"
time="2024-11-27T15:02:22+05:00" level=info msg="grpc server started :8002"
time="2024-11-27T15:02:26+05:00" level=info msg="GetDashboardReport: started"
time="2024-11-27T15:02:26+05:00" level=error msg="GetDashboardReport: error retrieving report - sql: Scan error on column index 0, name \"total_sales\": converting NULL to int64 is unsupported"
time="2024-11-27T15:18:31+05:00" level=info msg="Configuration loaded"
time="2024-11-27T15:18:31+05:00" level=info msg="Connected to Postgresql"
time="2024-11-27T15:18:31+05:00" level=info msg="Kafka consumer initialized successfully"
time="2024-11-27T15:18:31+05:00" level=info msg="grpc server started :8002"
time="2024-11-27T15:18:43+05:00" level=info msg="GetDashboardReport: started"
time="2024-11-27T15:21:41+05:00" level=info msg="Configuration loaded"
time="2024-11-27T15:21:41+05:00" level=info msg="Connected to Postgresql"
time="2024-11-27T15:21:41+05:00" level=info msg="Kafka consumer initialized successfully"
time="2024-11-27T15:21:41+05:00" level=info msg="grpc server started :8002"
time="2024-11-27T15:21:44+05:00" level=info msg="GetDashboardReport: started"
time="2024-11-27T15:21:44+05:00" level=info msg="GetDashboardReport: successfully retrieved report data"
time="2024-11-27T15:22:53+05:00" level=info msg="Received message - Key: 67447392f0f92fd6894c2558, Value: {\"cost_price\":50,\"product_id\":\"67447392f0f92fd6894c2558\",\"selling_price\":60}"
time="2024-11-27T15:22:53+05:00" level=info msg="UpsertProductSales: started: 67447392f0f92fd6894c2558"
time="2024-11-27T15:22:53+05:00" level=info msg="UpsertProductSales: product sales upserted successfully for product_id - 67447392f0f92fd6894c2558"
time="2024-11-27T15:23:05+05:00" level=info msg="GetDashboardReport: started"
time="2024-11-27T15:23:05+05:00" level=info msg="GetDashboardReport: successfully retrieved report data"
time="2024-11-27T15:23:15+05:00" level=info msg="Configuration loaded"
time="2024-11-27T15:23:15+05:00" level=info msg="Connected to Postgresql"
time="2024-11-27T15:23:15+05:00" level=info msg="Kafka consumer initialized successfully"
time="2024-11-27T15:23:15+05:00" level=info msg="grpc server started :8002"
time="2024-11-27T15:23:18+05:00" level=info msg="GetDashboardReport: started"
time="2024-11-27T15:23:18+05:00" level=info msg="GetDashboardReport: successfully retrieved report data"
time="2024-11-27T15:28:07+05:00" level=info msg="Configuration loaded"
time="2024-11-27T15:28:07+05:00" level=info msg="Connected to Postgresql"
time="2024-11-27T15:28:07+05:00" level=info msg="Kafka consumer initialized successfully"
time="2024-11-27T15:28:07+05:00" level=info msg="grpc server started :8002"
time="2024-11-27T15:28:27+05:00" level=info msg="GetDashboardReport: started"
time="2024-11-27T15:28:27+05:00" level=info msg="GetDashboardReport: successfully retrieved report data"
time="2024-11-27T15:32:23+05:00" level=info msg="Configuration loaded"
time="2024-11-27T15:32:23+05:00" level=info msg="Connected to Postgresql"
time="2024-11-27T15:32:23+05:00" level=info msg="Kafka consumer initialized successfully"
time="2024-11-27T15:32:23+05:00" level=info msg="grpc server started :8002"
time="2024-11-27T15:32:31+05:00" level=info msg="GetDashboardReport: started"
time="2024-11-27T15:32:31+05:00" level=info msg="GetDashboardReport: successfully retrieved report data"
time="2024-11-27T15:34:58+05:00" level=info msg="GetDashboardReport: started"
time="2024-11-27T15:34:58+05:00" level=info msg="GetDashboardReport: successfully retrieved report data"
time="2024-11-27T15:35:06+05:00" level=info msg="GetDashboardReport: started"
time="2024-11-27T15:35:06+05:00" level=info msg="GetDashboardReport: successfully retrieved report data"
time="2024-11-27T15:36:01+05:00" level=info msg="GetDashboardReport: started"
time="2024-11-27T15:36:01+05:00" level=info msg="GetDashboardReport: successfully retrieved report data"
time="2024-11-28T15:35:44+05:00" level=info msg="Configuration loaded"
time="2024-11-28T15:35:44+05:00" level=info msg="Connected to Postgresql"
time="2024-11-28T15:35:44+05:00" level=info msg="Kafka consumer initialized successfully"
time="2024-11-28T15:35:44+05:00" level=info msg="grpc server started :8002"
time="2024-11-28T15:37:43+05:00" level=info msg="Received message - Key: 67447392f0f92fd6894c2558, Value: {\"cost_price\":40,\"product_color\":\"Red\",\"product_id\":\"67447392f0f92fd6894c2558\",\"selling_price\":50}"
time="2024-11-28T15:37:43+05:00" level=info msg="UpsertProductSales: started: 67447392f0f92fd6894c2558"
time="2024-11-28T15:37:43+05:00" level=error msg="UpsertProductSales: error while upserting product sales 67447392f0f92fd6894c2558:pq: column \"color\" of relation \"dashboard\" does not exist"
time="2024-11-28T15:37:43+05:00" level=error msg="Error upserting product saleserrorpq: column \"color\" of relation \"dashboard\" does not existproduct_id67447392f0f92fd6894c2558"
time="2024-11-28T15:37:50+05:00" level=info msg="GetDashboardReport: started"
time="2024-11-28T15:37:50+05:00" level=error msg="GetDashboardReport: error retrieving report - pq: column \"selling_price\" does not exist"
time="2024-11-28T15:38:30+05:00" level=info msg="Configuration loaded"
time="2024-11-28T15:38:30+05:00" level=info msg="Connected to Postgresql"
time="2024-11-28T15:38:30+05:00" level=info msg="Kafka consumer initialized successfully"
time="2024-11-28T15:38:30+05:00" level=info msg="grpc server started :8002"
time="2024-11-28T15:38:34+05:00" level=info msg="Received message - Key: 67447392f0f92fd6894c2558, Value: {\"cost_price\":40,\"product_color\":\"Red\",\"product_id\":\"67447392f0f92fd6894c2558\",\"selling_price\":50}"
time="2024-11-28T15:38:34+05:00" level=info msg="UpsertProductSales: started: 67447392f0f92fd6894c2558"
time="2024-11-28T15:38:34+05:00" level=info msg="UpsertProductSales: product sales upserted successfully for product_id - 67447392f0f92fd6894c2558"
time="2024-11-28T15:38:39+05:00" level=info msg="GetDashboardReport: started"
time="2024-11-28T15:38:39+05:00" level=info msg="GetDashboardReport: successfully retrieved report data"
