time="2024-10-29T09:43:30+05:00" level=info msg="Configuration loaded successfully"
time="2024-10-29T09:43:30+05:00" level=info msg="Connected to Product Service"
time="2024-10-29T09:43:30+05:00" level=info msg="Service clients initialized"
time="2024-10-29T09:43:30+05:00" level=info msg="Starting API Gateway on address::9000"
time="2024-10-29T09:43:30+05:00" level=info msg="Starting API Gateway on: :9000"
time="2024-10-29T09:48:43+05:00" level=info msg="Received signal:interrupt"
time="2024-10-29T09:48:43+05:00" level=fatal msg="http: Server closed"
time="2024-10-29T09:48:45+05:00" level=info msg="Configuration loaded successfully"
time="2024-10-29T09:48:45+05:00" level=info msg="Connected to Product Service"
time="2024-10-29T09:48:45+05:00" level=info msg="Service clients initialized"
time="2024-10-29T09:48:45+05:00" level=info msg="Starting API Gateway on address::9000"
time="2024-10-29T09:48:45+05:00" level=info msg="Starting API Gateway on: :9000"
time="2024-10-29T09:49:34+05:00" level=info msg="Create product: Successfully19101"
time="2024-10-29T09:51:45+05:00" level=info msg="Received signal:interrupt"
time="2024-10-29T09:51:45+05:00" level=fatal msg="http: Server closed"
time="2024-10-29T09:51:47+05:00" level=info msg="Configuration loaded successfully"
time="2024-10-29T09:51:47+05:00" level=info msg="Connected to Product Service"
time="2024-10-29T09:51:47+05:00" level=info msg="Service clients initialized"
time="2024-10-29T09:51:47+05:00" level=info msg="Starting API Gateway on address::9000"
time="2024-10-29T09:51:47+05:00" level=info msg="Starting API Gateway on: :9000"
time="2024-10-29T09:51:53+05:00" level=info msg="UpdateProduct: Successfully"
time="2024-10-29T09:52:18+05:00" level=info msg="GetListProduct: Successfully1"
time="2024-10-29T09:52:53+05:00" level=error msg="GetProductByFilter: Service error - rpc error: code = Unknown desc = sql: no rows in result set"
time="2024-10-29T09:55:30+05:00" level=error msg="GetProductByFilter: Service error - rpc error: code = Unknown desc = sql: no rows in result set"
time="2024-10-29T09:59:40+05:00" level=info msg="Received signal:interrupt"
time="2024-10-29T09:59:40+05:00" level=fatal msg="http: Server closed"
time="2024-10-29T10:02:33+05:00" level=info msg="Configuration loaded successfully"
time="2024-10-29T10:02:33+05:00" level=info msg="Connected to Product Service"
time="2024-10-29T10:02:33+05:00" level=info msg="Service clients initialized"
time="2024-10-29T10:02:33+05:00" level=info msg="Starting API Gateway on address::9000"
time="2024-10-29T10:02:33+05:00" level=info msg="Starting API Gateway on: :9000"
time="2024-10-29T10:02:58+05:00" level=info msg="GetProductByFilter: Successfully19101"
time="2024-10-29T10:03:11+05:00" level=info msg="GetProductByFilter: Successfully19101"
time="2024-10-29T10:04:49+05:00" level=info msg="DeleteProduct: Successfullydeleted"
time="2024-10-29T10:04:57+05:00" level=info msg="GetListProduct: Successfully0"
time="2024-10-29T10:05:10+05:00" level=info msg="Received signal:interrupt"
time="2024-10-29T10:05:10+05:00" level=fatal msg="http: Server closed"
time="2024-10-29T10:15:49+05:00" level=info msg="Configuration loaded successfully"
time="2024-10-29T10:15:49+05:00" level=info msg="Connected to Product Service"
time="2024-10-29T10:15:49+05:00" level=info msg="Service clients initialized"
time="2024-10-29T10:15:49+05:00" level=info msg="Starting API Gateway on address::9000"
time="2024-10-29T10:15:49+05:00" level=info msg="Starting API Gateway on: :9000"
time="2024-10-29T10:16:59+05:00" level=info msg="Received signal:interrupt"
time="2024-10-29T10:16:59+05:00" level=fatal msg="http: Server closed"
time="2024-11-23T03:05:10+05:00" level=info msg="Configuration loaded successfully"
time="2024-11-23T03:05:10+05:00" level=info msg="Connected to Product Service"
time="2024-11-23T03:05:10+05:00" level=info msg="Service clients initialized"
time="2024-11-23T03:05:10+05:00" level=info msg="Starting API Gateway on address::9000"
time="2024-11-23T03:05:10+05:00" level=info msg="Starting API Gateway on: :9000"
time="2024-11-23T03:07:13+05:00" level=error msg="CreateProduct: Service error - rpc error: code = Unavailable desc = error reading from server: EOF"
time="2024-11-23T03:07:41+05:00" level=error msg="CreateProduct: Service error - rpc error: code = Unavailable desc = connection error: desc = \"transport: Error while dialing: dial tcp 127.0.0.1:8001: connect: connection refused\""
time="2024-11-23T03:07:47+05:00" level=error msg="CreateProduct: Service error - rpc error: code = Unavailable desc = error reading from server: EOF"
time="2024-11-23T03:14:00+05:00" level=info msg="Create product: Successfully674102282ceec712582d9475"
time="2024-11-23T03:14:45+05:00" level=info msg="Create product: Successfully674102552ceec712582d9476"
time="2024-11-23T03:15:08+05:00" level=info msg="Create product: Successfully6741026c2ceec712582d9477"
time="2024-11-23T03:16:43+05:00" level=info msg="GetListProduct: Successfully3"
time="2024-11-23T03:20:29+05:00" level=info msg="UpdateProduct: Successfully"
time="2024-11-23T03:20:52+05:00" level=info msg="UpdateProduct: Successfully"
time="2024-11-23T03:24:57+05:00" level=info msg="UpdateProduct: Successfully"
time="2024-11-23T03:25:05+05:00" level=info msg="UpdateProduct: Successfully"
time="2024-11-23T03:25:43+05:00" level=info msg="UpdateProduct: Successfully"
time="2024-11-23T03:26:19+05:00" level=error msg="DeleteProduct: Service error - rpc error: code = Unimplemented desc = method DeleteProduct not implemented"
time="2024-11-23T03:30:00+05:00" level=info msg="Received signal:interrupt"
time="2024-11-23T03:30:00+05:00" level=fatal msg="http: Server closed"
time="2024-11-23T03:30:41+05:00" level=info msg="Configuration loaded successfully"
time="2024-11-23T03:30:41+05:00" level=info msg="Connected to Product Service"
time="2024-11-23T03:30:41+05:00" level=info msg="Service clients initialized"
time="2024-11-23T03:30:41+05:00" level=info msg="Starting API Gateway on address::9000"
time="2024-11-23T03:30:41+05:00" level=info msg="Starting API Gateway on: :9000"
time="2024-11-23T03:30:45+05:00" level=error msg="DeleteProduct: Service error - rpc error: code = Unimplemented desc = method DeleteProduct not implemented"
time="2024-11-23T03:33:17+05:00" level=info msg="Received signal:interrupt"
time="2024-11-23T03:33:17+05:00" level=fatal msg="http: Server closed"
time="2024-11-23T03:33:19+05:00" level=info msg="Configuration loaded successfully"
time="2024-11-23T03:33:19+05:00" level=info msg="Connected to Product Service"
time="2024-11-23T03:33:19+05:00" level=info msg="Service clients initialized"
time="2024-11-23T03:33:19+05:00" level=info msg="Starting API Gateway on address::9000"
time="2024-11-23T03:33:19+05:00" level=info msg="Starting API Gateway on: :9000"
time="2024-11-23T03:33:29+05:00" level=info msg="DeleteProduct: Successfullydeleted"
time="2024-11-23T03:33:49+05:00" level=info msg="GetListProduct: Successfully2"
time="2024-11-23T03:34:04+05:00" level=info msg="Received signal:interrupt"
time="2024-11-23T03:34:04+05:00" level=fatal msg="http: Server closed"
time="2024-11-23T03:41:29+05:00" level=info msg="Configuration loaded successfully"
time="2024-11-23T03:41:29+05:00" level=info msg="Connected to Product Service"
time="2024-11-23T03:41:29+05:00" level=info msg="Service clients initialized"
time="2024-11-23T03:41:29+05:00" level=info msg="Starting API Gateway on address::9000"
time="2024-11-23T03:41:29+05:00" level=info msg="Starting API Gateway on: :9000"
time="2024-11-23T03:42:06+05:00" level=info msg="GetListProduct: Successfully2"
time="2024-11-23T03:43:35+05:00" level=info msg="UpdateProduct: Successfully"
time="2024-11-23T03:44:21+05:00" level=info msg="UpdateProduct: Successfully"
time="2024-11-23T03:45:06+05:00" level=info msg="Received signal:interrupt"
time="2024-11-23T03:45:06+05:00" level=fatal msg="http: Server closed"
time="2024-11-23T12:00:08+05:00" level=info msg="Configuration loaded successfully"
time="2024-11-23T12:00:08+05:00" level=info msg="Connected to Product Service"
time="2024-11-23T12:00:08+05:00" level=info msg="Service clients initialized"
time="2024-11-23T12:00:08+05:00" level=info msg="Starting API Gateway on address::9000"
time="2024-11-23T12:00:08+05:00" level=info msg="Starting API Gateway on: :9000"
time="2024-11-23T12:08:17+05:00" level=info msg="GetListProduct: Successfully2"
time="2024-11-23T12:11:29+05:00" level=error msg="CreateProduct: JSON binding error - EOF"
time="2024-11-23T12:14:25+05:00" level=info msg="Received signal:interrupt"
time="2024-11-23T12:14:25+05:00" level=fatal msg="http: Server closed"
time="2024-11-23T12:14:39+05:00" level=info msg="Configuration loaded successfully"
time="2024-11-23T12:14:39+05:00" level=info msg="Connected to Product Service"
time="2024-11-23T12:14:39+05:00" level=info msg="Service clients initialized"
time="2024-11-23T12:14:39+05:00" level=info msg="Starting API Gateway on address::9000"
time="2024-11-23T12:14:39+05:00" level=info msg="Starting API Gateway on: :9000"
time="2024-11-23T12:14:42+05:00" level=error msg="CreateProduct: JSON binding error - EOF"
time="2024-11-23T12:15:37+05:00" level=error msg="CreateProduct: JSON binding error - EOF"
time="2024-11-23T12:16:22+05:00" level=info msg="Received signal:interrupt"
time="2024-11-23T12:16:22+05:00" level=fatal msg="http: Server closed"
time="2024-11-23T12:32:04+05:00" level=info msg="Configuration loaded successfully"
time="2024-11-23T12:32:04+05:00" level=info msg="Connected to Product Service"
time="2024-11-23T12:32:04+05:00" level=info msg="Service clients initialized"
time="2024-11-23T12:32:04+05:00" level=info msg="Starting API Gateway on address::9000"
time="2024-11-23T12:32:04+05:00" level=info msg="Starting API Gateway on: :9000"
time="2024-11-23T12:32:12+05:00" level=error msg="CreateProduct: JSON binding error (image) - invalid character '-' in numeric literal"
time="2024-11-23T12:33:28+05:00" level=error msg="CreateProduct: JSON binding error (image) - invalid character '-' in numeric literal"
time="2024-11-23T12:33:33+05:00" level=error msg="CreateProduct: JSON binding error - EOF"
time="2024-11-23T12:43:25+05:00" level=info msg="Received signal:interrupt"
time="2024-11-23T12:43:25+05:00" level=fatal msg="http: Server closed"
time="2024-11-23T12:44:36+05:00" level=info msg="Configuration loaded successfully"
time="2024-11-23T12:44:36+05:00" level=info msg="Connected to Product Service"
time="2024-11-23T12:44:36+05:00" level=info msg="Service clients initialized"
time="2024-11-23T12:44:36+05:00" level=info msg="Starting API Gateway on address::9000"
time="2024-11-23T12:44:36+05:00" level=info msg="Starting API Gateway on: :9000"
time="2024-11-23T12:44:39+05:00" level=error msg="CreateProduct: JSON binding error - EOF"
time="2024-11-23T12:45:28+05:00" level=info msg="Received signal:interrupt"
time="2024-11-23T12:45:28+05:00" level=fatal msg="http: Server closed"
time="2024-11-23T12:49:01+05:00" level=info msg="Configuration loaded successfully"
time="2024-11-23T12:49:01+05:00" level=info msg="Connected to Product Service"
time="2024-11-23T12:49:01+05:00" level=info msg="Service clients initialized"
time="2024-11-23T12:49:01+05:00" level=info msg="Starting API Gateway on address::9000"
time="2024-11-23T12:49:01+05:00" level=info msg="Starting API Gateway on: :9000"
time="2024-11-23T12:51:23+05:00" level=error msg="CreateProduct: JSON binding error - EOF"
time="2024-11-23T12:51:53+05:00" level=error msg="CreateProduct: JSON binding error - EOF"
time="2024-11-23T12:52:16+05:00" level=info msg="Received signal:interrupt"
time="2024-11-23T12:52:16+05:00" level=fatal msg="http: Server closed"
time="2024-11-23T13:08:43+05:00" level=info msg="Configuration loaded successfully"
time="2024-11-23T13:08:43+05:00" level=info msg="Connected to Product Service"
time="2024-11-23T13:08:43+05:00" level=info msg="Service clients initialized"
time="2024-11-23T13:08:43+05:00" level=info msg="Starting API Gateway on address::9000"
time="2024-11-23T13:08:43+05:00" level=info msg="Starting API Gateway on: :9000"
time="2024-11-23T13:08:43+05:00" level=fatal msg="listen tcp :9000: bind: address already in use"
time="2024-11-23T14:24:31+05:00" level=info msg="Configuration loaded successfully"
time="2024-11-23T14:24:31+05:00" level=info msg="Connected to Product Service"
time="2024-11-23T14:24:31+05:00" level=info msg="Service clients initialized"
time="2024-11-23T14:24:31+05:00" level=info msg="Starting API Gateway on address::9000"
time="2024-11-23T14:24:31+05:00" level=info msg="Starting API Gateway on: :9000"
time="2024-11-23T14:24:31+05:00" level=fatal msg="listen tcp :9000: bind: address already in use"
time="2024-11-23T14:26:22+05:00" level=info msg="Configuration loaded successfully"
time="2024-11-23T14:26:22+05:00" level=info msg="Connected to Product Service"
time="2024-11-23T14:26:22+05:00" level=info msg="Service clients initialized"
time="2024-11-23T14:26:22+05:00" level=info msg="Starting API Gateway on address::8080"
time="2024-11-23T14:26:22+05:00" level=info msg="Starting API Gateway on: :8080"
time="2024-11-23T14:26:22+05:00" level=fatal msg="listen tcp :9000: bind: address already in use"
time="2024-11-23T14:28:26+05:00" level=info msg="Configuration loaded successfully"
time="2024-11-23T14:28:26+05:00" level=info msg="Connected to Product Service"
time="2024-11-23T14:28:26+05:00" level=info msg="Service clients initialized"
time="2024-11-23T14:28:26+05:00" level=info msg="Starting API Gateway on address::9000"
time="2024-11-23T14:28:26+05:00" level=info msg="Starting API Gateway on: :9000"
time="2024-11-23T14:28:31+05:00" level=error msg="CreateProduct: JSON binding error - EOF"
time="2024-11-23T14:29:09+05:00" level=info msg="Received signal:interrupt"
time="2024-11-23T14:29:09+05:00" level=fatal msg="http: Server closed"
time="2024-11-23T14:30:21+05:00" level=info msg="Configuration loaded successfully"
time="2024-11-23T14:30:21+05:00" level=info msg="Connected to Product Service"
time="2024-11-23T14:30:21+05:00" level=info msg="Service clients initialized"
time="2024-11-23T14:30:21+05:00" level=info msg="Starting API Gateway on address::9000"
time="2024-11-23T14:30:21+05:00" level=info msg="Starting API Gateway on: :9000"
time="2024-11-23T14:30:23+05:00" level=error msg="CreateProduct: JSON binding error - EOF"
time="2024-11-23T14:30:32+05:00" level=error msg="CreateProduct: MakeBucket error - Put \"http://minio:9000/products/\": dial tcp: lookup minio on 127.0.0.53:53: server misbehaving"
time="2024-11-23T14:32:56+05:00" level=info msg="Received signal:interrupt"
time="2024-11-23T14:32:56+05:00" level=fatal msg="http: Server closed"
time="2024-11-23T18:24:02+05:00" level=info msg="Configuration loaded successfully"
time="2024-11-23T18:24:02+05:00" level=info msg="Connected to Product Service"
time="2024-11-23T18:24:02+05:00" level=info msg="Service clients initialized"
time="2024-11-23T18:24:02+05:00" level=info msg="Starting API Gateway on address::9000"
time="2024-11-23T18:24:02+05:00" level=info msg="Starting API Gateway on: :9000"
time="2024-11-23T18:25:13+05:00" level=error msg="CreateProduct: JSON binding error - EOF"
time="2024-11-23T18:25:21+05:00" level=error msg="CreateProduct: MakeBucket error - Put \"http://minio:9000/products/\": dial tcp: lookup minio on 127.0.0.53:53: server misbehaving"
time="2024-11-23T18:27:11+05:00" level=info msg="Received signal:interrupt"
time="2024-11-23T18:27:11+05:00" level=fatal msg="http: Server closed"
time="2024-11-23T18:28:16+05:00" level=info msg="Configuration loaded successfully"
time="2024-11-23T18:28:16+05:00" level=info msg="Connected to Product Service"
time="2024-11-23T18:28:16+05:00" level=info msg="Service clients initialized"
time="2024-11-23T18:28:16+05:00" level=info msg="Starting API Gateway on address::9000"
time="2024-11-23T18:28:16+05:00" level=info msg="Starting API Gateway on: :9000"
time="2024-11-23T18:28:59+05:00" level=error msg="CreateProduct: JSON binding error - EOF"
time="2024-11-23T18:28:59+05:00" level=error msg="CreateProduct: MakeBucket error - Client sent an HTTP request to an HTTPS server."
time="2024-11-23T18:30:52+05:00" level=info msg="Received signal:interrupt"
time="2024-11-23T18:30:52+05:00" level=fatal msg="http: Server closed"
time="2024-11-23T18:41:31+05:00" level=info msg="Configuration loaded successfully"
time="2024-11-23T18:41:31+05:00" level=info msg="Connected to Product Service"
time="2024-11-23T18:41:31+05:00" level=info msg="Service clients initialized"
time="2024-11-23T18:41:31+05:00" level=info msg="Starting API Gateway on address::9000"
time="2024-11-23T18:41:31+05:00" level=info msg="Starting API Gateway on: :9000"
time="2024-11-23T18:41:40+05:00" level=error msg="CreateProduct: JSON binding error - EOF"
time="2024-11-23T18:45:28+05:00" level=info msg="Received signal:interrupt"
time="2024-11-23T18:45:28+05:00" level=fatal msg="http: Server closed"
time="2024-11-23T18:45:28+05:00" level=info msg="Graceful shutdown complete."
time="2024-11-23T18:46:06+05:00" level=info msg="Configuration loaded successfully"
time="2024-11-23T18:46:06+05:00" level=info msg="Connected to Product Service"
time="2024-11-23T18:46:06+05:00" level=info msg="Service clients initialized"
time="2024-11-23T18:46:06+05:00" level=info msg="Starting API Gateway on address::9000"
time="2024-11-23T18:46:06+05:00" level=info msg="Starting API Gateway on: :9000"
time="2024-11-23T18:46:16+05:00" level=info msg="Received signal:interrupt"
time="2024-11-23T18:46:16+05:00" level=fatal msg="http: Server closed"
time="2024-11-23T18:46:18+05:00" level=info msg="Configuration loaded successfully"
time="2024-11-23T18:46:18+05:00" level=info msg="Connected to Product Service"
time="2024-11-23T18:46:18+05:00" level=info msg="Service clients initialized"
time="2024-11-23T18:46:18+05:00" level=info msg="Starting API Gateway on address::9000"
time="2024-11-23T18:46:18+05:00" level=info msg="Starting API Gateway on: :9000"
time="2024-11-23T18:46:24+05:00" level=error msg="CreateProduct: JSON binding error - EOF"
time="2024-11-23T18:47:02+05:00" level=info msg="Received signal:interrupt"
time="2024-11-23T18:47:02+05:00" level=fatal msg="http: Server closed"
time="2024-11-23T18:57:12+05:00" level=info msg="Configuration loaded successfully"
time="2024-11-23T18:57:12+05:00" level=info msg="Connected to Product Service"
time="2024-11-23T18:57:12+05:00" level=info msg="Service clients initialized"
time="2024-11-23T18:57:12+05:00" level=info msg="Starting API Gateway on address::9000"
time="2024-11-23T18:57:12+05:00" level=info msg="Starting API Gateway on: :9000"
time="2024-11-23T18:57:35+05:00" level=info msg="CreateProduct: Successfully: 6741df4ff59ab855f9582a06"
time="2024-11-23T18:59:44+05:00" level=info msg="Received signal:interrupt"
time="2024-11-23T18:59:44+05:00" level=fatal msg="http: Server closed"
time="2024-11-23T19:00:10+05:00" level=info msg="Configuration loaded successfully"
time="2024-11-23T19:00:10+05:00" level=info msg="Connected to Product Service"
time="2024-11-23T19:00:10+05:00" level=info msg="Service clients initialized"
time="2024-11-23T19:00:10+05:00" level=info msg="Starting API Gateway on address::9000"
time="2024-11-23T19:00:10+05:00" level=info msg="Starting API Gateway on: :9000"
time="2024-11-23T19:03:15+05:00" level=info msg="Received signal:interrupt"
time="2024-11-23T19:03:15+05:00" level=fatal msg="http: Server closed"
time="2024-11-23T19:04:01+05:00" level=info msg="Configuration loaded successfully"
time="2024-11-23T19:04:01+05:00" level=info msg="Connected to Product Service"
time="2024-11-23T19:04:01+05:00" level=info msg="Service clients initialized"
time="2024-11-23T19:04:01+05:00" level=info msg="Starting API Gateway on address::9000"
time="2024-11-23T19:04:01+05:00" level=info msg="Starting API Gateway on: :9000"
time="2024-11-23T19:04:27+05:00" level=info msg="CreateProduct: Successfully: 6741e0eb7e9c7663ab5dba6a"
time="2024-11-23T19:06:37+05:00" level=info msg="Received signal:interrupt"
time="2024-11-23T19:06:37+05:00" level=fatal msg="http: Server closed"
time="2024-11-23T19:06:39+05:00" level=info msg="Configuration loaded successfully"
time="2024-11-23T19:06:39+05:00" level=info msg="Connected to Product Service"
time="2024-11-23T19:06:39+05:00" level=info msg="Service clients initialized"
time="2024-11-23T19:06:39+05:00" level=info msg="Starting API Gateway on address::9000"
time="2024-11-23T19:06:39+05:00" level=info msg="Starting API Gateway on: :9000"
time="2024-11-23T19:06:42+05:00" level=info msg="CreateProduct: Successfully: 6741e1727e9c7663ab5dba6b"
time="2024-11-23T19:08:59+05:00" level=info msg="Received signal:interrupt"
time="2024-11-23T19:08:59+05:00" level=fatal msg="http: Server closed"
time="2024-11-23T19:11:14+05:00" level=info msg="Configuration loaded successfully"
time="2024-11-23T19:11:14+05:00" level=info msg="Connected to Product Service"
time="2024-11-23T19:11:14+05:00" level=info msg="Service clients initialized"
time="2024-11-23T19:11:14+05:00" level=info msg="Starting API Gateway on address::9000"
time="2024-11-23T19:11:14+05:00" level=info msg="Starting API Gateway on: :9000"
time="2024-11-23T19:11:19+05:00" level=info msg="CreateProduct: Successfully: 6741e2877e9c7663ab5dba6c"
time="2024-11-23T19:11:31+05:00" level=info msg="Received signal:interrupt"
time="2024-11-23T19:11:31+05:00" level=fatal msg="http: Server closed"
time="2024-11-23T19:11:34+05:00" level=info msg="Configuration loaded successfully"
time="2024-11-23T19:11:34+05:00" level=info msg="Connected to Product Service"
time="2024-11-23T19:11:34+05:00" level=info msg="Service clients initialized"
time="2024-11-23T19:11:34+05:00" level=info msg="Starting API Gateway on address::9000"
time="2024-11-23T19:11:34+05:00" level=info msg="Starting API Gateway on: :9000"
time="2024-11-23T19:11:37+05:00" level=error msg="CreateProduct: Binding error - EOF"
time="2024-11-23T19:11:58+05:00" level=info msg="Received signal:interrupt"
time="2024-11-23T19:11:58+05:00" level=fatal msg="http: Server closed"
time="2024-11-23T19:15:14+05:00" level=info msg="Configuration loaded successfully"
time="2024-11-23T19:15:14+05:00" level=info msg="Connected to Product Service"
time="2024-11-23T19:15:14+05:00" level=info msg="Service clients initialized"
time="2024-11-23T19:15:14+05:00" level=info msg="Starting API Gateway on address::9000"
time="2024-11-23T19:15:14+05:00" level=info msg="Starting API Gateway on: :9000"
time="2024-11-23T19:15:18+05:00" level=error msg="CreateProduct: Binding error - EOF"
time="2024-11-23T19:15:34+05:00" level=info msg="Received signal:interrupt"
time="2024-11-23T19:15:34+05:00" level=fatal msg="http: Server closed"
time="2024-11-23T19:15:38+05:00" level=info msg="Configuration loaded successfully"
time="2024-11-23T19:15:38+05:00" level=info msg="Connected to Product Service"
time="2024-11-23T19:15:38+05:00" level=info msg="Service clients initialized"
time="2024-11-23T19:15:38+05:00" level=info msg="Starting API Gateway on address::9000"
time="2024-11-23T19:15:38+05:00" level=info msg="Starting API Gateway on: :9000"
time="2024-11-23T19:15:40+05:00" level=error msg="CreateProduct: Binding error - EOF"
time="2024-11-23T19:16:57+05:00" level=info msg="Received signal:interrupt"
time="2024-11-23T19:16:57+05:00" level=fatal msg="http: Server closed"
time="2024-11-23T19:16:59+05:00" level=info msg="Configuration loaded successfully"
time="2024-11-23T19:16:59+05:00" level=info msg="Connected to Product Service"
time="2024-11-23T19:16:59+05:00" level=info msg="Service clients initialized"
time="2024-11-23T19:16:59+05:00" level=info msg="Starting API Gateway on address::9000"
time="2024-11-23T19:16:59+05:00" level=info msg="Starting API Gateway on: :9000"
time="2024-11-23T19:17:08+05:00" level=error msg="CreateProduct: Binding error - EOF"
time="2024-11-23T19:21:31+05:00" level=info msg="Received signal:interrupt"
time="2024-11-23T19:21:31+05:00" level=fatal msg="http: Server closed"
time="2024-11-23T19:21:52+05:00" level=info msg="Configuration loaded successfully"
time="2024-11-23T19:21:52+05:00" level=info msg="Connected to Product Service"
time="2024-11-23T19:21:52+05:00" level=info msg="Service clients initialized"
time="2024-11-23T19:21:52+05:00" level=info msg="Starting API Gateway on address::9000"
time="2024-11-23T19:21:52+05:00" level=info msg="Starting API Gateway on: :9000"
time="2024-11-23T19:21:56+05:00" level=error msg="CreateProduct: No product data provided"
time="2024-11-23T19:22:19+05:00" level=info msg="Received signal:interrupt"
time="2024-11-23T19:22:19+05:00" level=fatal msg="http: Server closed"
time="2024-11-23T20:01:00+05:00" level=info msg="Configuration loaded successfully"
time="2024-11-23T20:01:00+05:00" level=info msg="Connected to Product Service"
time="2024-11-23T20:01:00+05:00" level=info msg="Service clients initialized"
time="2024-11-23T20:01:00+05:00" level=info msg="Starting API Gateway on address::9000"
time="2024-11-23T20:01:00+05:00" level=info msg="Starting API Gateway on: :9000"
time="2024-11-23T20:01:06+05:00" level=error msg="CreateProduct: Binding error - invalid character '-' in numeric literal"
time="2024-11-23T20:02:03+05:00" level=info msg="Received signal:interrupt"
time="2024-11-23T20:02:03+05:00" level=fatal msg="http: Server closed"
time="2024-11-23T20:10:00+05:00" level=info msg="Configuration loaded successfully"
time="2024-11-23T20:10:00+05:00" level=info msg="Connected to Product Service"
time="2024-11-23T20:10:00+05:00" level=info msg="Service clients initialized"
time="2024-11-23T20:10:00+05:00" level=info msg="Starting API Gateway on address::9000"
time="2024-11-23T20:10:00+05:00" level=info msg="Starting API Gateway on: :9000"
time="2024-11-23T20:10:09+05:00" level=error msg="CreateProduct: Binding error - EOF"
time="2024-11-23T20:10:17+05:00" level=info msg="Received signal:interrupt"
time="2024-11-23T20:10:17+05:00" level=fatal msg="http: Server closed"
time="2024-11-23T20:38:32+05:00" level=info msg="Configuration loaded successfully"
time="2024-11-23T20:38:32+05:00" level=info msg="Connected to Product Service"
time="2024-11-23T20:38:32+05:00" level=info msg="Service clients initialized"
time="2024-11-23T20:38:32+05:00" level=info msg="Starting API Gateway on address::9000"
time="2024-11-23T20:38:32+05:00" level=info msg="Starting API Gateway on: :9000"
time="2024-11-23T20:38:48+05:00" level=error msg="CreateProduct: Binding error - EOF"
time="2024-11-23T20:44:28+05:00" level=info msg="Received signal:interrupt"
time="2024-11-23T20:44:28+05:00" level=fatal msg="http: Server closed"
time="2024-11-23T20:44:38+05:00" level=info msg="Configuration loaded successfully"
time="2024-11-23T20:44:38+05:00" level=info msg="Connected to Product Service"
time="2024-11-23T20:44:38+05:00" level=info msg="Service clients initialized"
time="2024-11-23T20:44:38+05:00" level=info msg="Starting API Gateway on address::9000"
time="2024-11-23T20:44:38+05:00" level=info msg="Starting API Gateway on: :9000"
time="2024-11-23T20:44:43+05:00" level=error msg="CreateProduct: Binding error - EOF"
time="2024-11-23T20:45:38+05:00" level=info msg="Received signal:interrupt"
time="2024-11-23T20:45:38+05:00" level=fatal msg="http: Server closed"
time="2024-11-23T20:50:45+05:00" level=info msg="Configuration loaded successfully"
time="2024-11-23T20:50:45+05:00" level=info msg="Connected to Product Service"
time="2024-11-23T20:50:45+05:00" level=info msg="Service clients initialized"
time="2024-11-23T20:50:45+05:00" level=info msg="Starting API Gateway on address::9000"
time="2024-11-23T20:50:45+05:00" level=info msg="Starting API Gateway on: :9000"
time="2024-11-23T20:51:15+05:00" level=info msg="Received signal:interrupt"
time="2024-11-23T20:51:15+05:00" level=fatal msg="http: Server closed"
time="2024-11-23T20:51:59+05:00" level=info msg="Configuration loaded successfully"
time="2024-11-23T20:51:59+05:00" level=info msg="Connected to Product Service"
time="2024-11-23T20:51:59+05:00" level=info msg="Service clients initialized"
time="2024-11-23T20:51:59+05:00" level=info msg="Starting API Gateway on address::9000"
time="2024-11-23T20:51:59+05:00" level=info msg="Starting API Gateway on: :9000"
time="2024-11-23T20:52:59+05:00" level=error msg="CreateProduct: No file provided - request Content-Type isn't multipart/form-data"
time="2024-11-23T20:53:08+05:00" level=error msg="CreateProduct: Binding error - EOF"
time="2024-11-23T20:53:50+05:00" level=info msg="Received signal:interrupt"
time="2024-11-23T20:53:50+05:00" level=fatal msg="http: Server closed"
time="2024-11-23T21:06:32+05:00" level=info msg="Configuration loaded successfully"
time="2024-11-23T21:06:32+05:00" level=info msg="Connected to Product Service"
time="2024-11-23T21:06:32+05:00" level=info msg="Service clients initialized"
time="2024-11-23T21:06:32+05:00" level=info msg="Starting API Gateway on address::9000"
time="2024-11-23T21:06:32+05:00" level=info msg="Starting API Gateway on: :9000"
time="2024-11-23T21:07:29+05:00" level=error msg="CreateProduct: No file provided - request Content-Type isn't multipart/form-data"
time="2024-11-23T21:07:49+05:00" level=info msg="Received signal:interrupt"
time="2024-11-23T21:07:49+05:00" level=fatal msg="http: Server closed"
time="2024-11-23T21:13:20+05:00" level=info msg="Configuration loaded successfully"
time="2024-11-23T21:13:20+05:00" level=info msg="Connected to Product Service"
time="2024-11-23T21:13:20+05:00" level=info msg="Service clients initialized"
time="2024-11-23T21:13:20+05:00" level=info msg="Starting API Gateway on address::9000"
time="2024-11-23T21:13:20+05:00" level=info msg="Starting API Gateway on: :9000"
time="2024-11-23T21:13:50+05:00" level=error msg="CreateProduct: Binding error - EOF"
time="2024-11-23T21:15:00+05:00" level=info msg="Received signal:interrupt"
time="2024-11-23T21:15:00+05:00" level=fatal msg="http: Server closed"
time="2024-11-23T21:15:28+05:00" level=info msg="Configuration loaded successfully"
time="2024-11-23T21:15:28+05:00" level=info msg="Connected to Product Service"
time="2024-11-23T21:15:28+05:00" level=info msg="Service clients initialized"
time="2024-11-23T21:15:28+05:00" level=info msg="Starting API Gateway on address::9000"
time="2024-11-23T21:15:28+05:00" level=info msg="Starting API Gateway on: :9000"
time="2024-11-23T21:15:32+05:00" level=error msg="CreateProduct: Binding error - invalid character '-' in numeric literal"
time="2024-11-23T21:16:10+05:00" level=info msg="Received signal:interrupt"
time="2024-11-23T21:16:10+05:00" level=fatal msg="http: Server closed"
time="2024-11-23T21:17:20+05:00" level=info msg="Configuration loaded successfully"
time="2024-11-23T21:17:20+05:00" level=info msg="Connected to Product Service"
time="2024-11-23T21:17:20+05:00" level=info msg="Service clients initialized"
time="2024-11-23T21:17:20+05:00" level=info msg="Starting API Gateway on address::9000"
time="2024-11-23T21:17:20+05:00" level=info msg="Starting API Gateway on: :9000"
time="2024-11-23T21:17:23+05:00" level=error msg="CreateProduct: Binding error - invalid character '-' in numeric literal"
time="2024-11-23T21:30:35+05:00" level=info msg="Received signal:interrupt"
time="2024-11-23T21:30:35+05:00" level=fatal msg="http: Server closed"
time="2024-11-23T21:34:10+05:00" level=info msg="Configuration loaded successfully"
time="2024-11-23T21:34:10+05:00" level=info msg="Connected to Product Service"
time="2024-11-23T21:34:10+05:00" level=info msg="Service clients initialized"
time="2024-11-23T21:34:10+05:00" level=info msg="Starting API Gateway on address::9000"
time="2024-11-23T21:34:10+05:00" level=info msg="Starting API Gateway on: :9000"
time="2024-11-23T21:36:56+05:00" level=info msg="Received signal:interrupt"
time="2024-11-23T21:36:56+05:00" level=fatal msg="http: Server closed"
time="2024-11-23T21:42:50+05:00" level=info msg="Configuration loaded successfully"
time="2024-11-23T21:42:50+05:00" level=info msg="Connected to Product Service"
time="2024-11-23T21:42:50+05:00" level=info msg="Service clients initialized"
time="2024-11-23T21:42:50+05:00" level=info msg="Starting API Gateway on address::9000"
time="2024-11-23T21:42:50+05:00" level=info msg="Starting API Gateway on: :9000"
time="2024-11-23T21:43:23+05:00" level=error msg="CreateProduct: Binding error - invalid character '-' in numeric literal"
time="2024-11-23T21:43:29+05:00" level=error msg="CreateProduct: Binding error - invalid character '-' in numeric literal"
time="2024-11-23T21:46:56+05:00" level=info msg="Received signal:interrupt"
time="2024-11-23T21:46:56+05:00" level=fatal msg="http: Server closed"
time="2024-11-23T21:46:58+05:00" level=info msg="Configuration loaded successfully"
time="2024-11-23T21:46:58+05:00" level=info msg="Connected to Product Service"
time="2024-11-23T21:46:58+05:00" level=info msg="Service clients initialized"
time="2024-11-23T21:46:58+05:00" level=info msg="Starting API Gateway on address::9000"
time="2024-11-23T21:46:58+05:00" level=info msg="Starting API Gateway on: :9000"
time="2024-11-23T21:47:02+05:00" level=error msg="CreateProduct: Binding error - invalid character '-' in numeric literal"
time="2024-11-23T21:47:37+05:00" level=info msg="Received signal:interrupt"
time="2024-11-23T21:47:37+05:00" level=fatal msg="http: Server closed"
time="2024-11-23T21:48:02+05:00" level=info msg="Configuration loaded successfully"
time="2024-11-23T21:48:02+05:00" level=info msg="Connected to Product Service"
time="2024-11-23T21:48:02+05:00" level=info msg="Service clients initialized"
time="2024-11-23T21:48:02+05:00" level=info msg="Starting API Gateway on address::9000"
time="2024-11-23T21:48:02+05:00" level=info msg="Starting API Gateway on: :9000"
time="2024-11-23T21:48:04+05:00" level=error msg="CreateProduct: Binding error - invalid character '-' in numeric literal"
time="2024-11-23T21:48:51+05:00" level=info msg="CreateProduct: Successfully: 674207739f9bc9520b76343c"
time="2024-11-23T21:50:15+05:00" level=info msg="Received signal:interrupt"
time="2024-11-23T21:50:15+05:00" level=fatal msg="http: Server closed"
time="2024-11-23T21:56:43+05:00" level=info msg="Configuration loaded successfully"
time="2024-11-23T21:56:43+05:00" level=info msg="Connected to Product Service"
time="2024-11-23T21:56:43+05:00" level=info msg="Service clients initialized"
time="2024-11-23T21:56:43+05:00" level=info msg="Starting API Gateway on address::9000"
time="2024-11-23T21:56:43+05:00" level=info msg="Starting API Gateway on: :9000"
time="2024-11-23T21:57:11+05:00" level=error msg="CreateProduct: Service error - rpc error: code = Unavailable desc = connection error: desc = \"transport: Error while dialing: dial tcp 127.0.0.1:8001: connect: connection refused\""
time="2024-11-23T21:57:21+05:00" level=error msg="CreateProduct: Service error - rpc error: code = Unavailable desc = connection error: desc = \"transport: Error while dialing: dial tcp 127.0.0.1:8001: connect: connection refused\""
time="2024-11-23T21:57:28+05:00" level=info msg="CreateProduct: Successfully: 67420978ce512283dd853489"
time="2024-11-23T21:59:08+05:00" level=info msg="Received signal:interrupt"
time="2024-11-23T21:59:08+05:00" level=fatal msg="http: Server closed"
time="2024-11-23T22:01:49+05:00" level=info msg="Configuration loaded successfully"
time="2024-11-23T22:01:49+05:00" level=info msg="Connected to Product Service"
time="2024-11-23T22:01:49+05:00" level=info msg="Service clients initialized"
time="2024-11-23T22:01:49+05:00" level=info msg="Starting API Gateway on address::9000"
time="2024-11-23T22:01:49+05:00" level=info msg="Starting API Gateway on: :9000"
time="2024-11-23T22:01:53+05:00" level=error msg="CreateProduct: Binding error - invalid character '-' in numeric literal"
time="2024-11-23T22:02:02+05:00" level=info msg="Received signal:interrupt"
time="2024-11-23T22:02:02+05:00" level=fatal msg="http: Server closed"
time="2024-11-23T22:03:45+05:00" level=info msg="Configuration loaded successfully"
time="2024-11-23T22:03:45+05:00" level=info msg="Connected to Product Service"
time="2024-11-23T22:03:45+05:00" level=info msg="Service clients initialized"
time="2024-11-23T22:03:45+05:00" level=info msg="Starting API Gateway on address::9000"
time="2024-11-23T22:03:45+05:00" level=info msg="Starting API Gateway on: :9000"
time="2024-11-23T22:03:48+05:00" level=error msg="CreateProduct: Binding error - EOF"
time="2024-11-23T22:03:53+05:00" level=info msg="Received signal:interrupt"
time="2024-11-23T22:03:53+05:00" level=fatal msg="http: Server closed"
time="2024-11-23T22:08:08+05:00" level=info msg="Configuration loaded successfully"
time="2024-11-23T22:08:08+05:00" level=info msg="Connected to Product Service"
time="2024-11-23T22:08:08+05:00" level=info msg="Service clients initialized"
time="2024-11-23T22:08:08+05:00" level=info msg="Starting API Gateway on address::9000"
time="2024-11-23T22:08:08+05:00" level=info msg="Starting API Gateway on: :9000"
time="2024-11-23T22:08:39+05:00" level=error msg="CreateProduct: Binding error - EOF"
time="2024-11-23T22:08:47+05:00" level=info msg="Received signal:interrupt"
time="2024-11-23T22:08:47+05:00" level=fatal msg="http: Server closed"
time="2024-11-23T22:09:21+05:00" level=info msg="Configuration loaded successfully"
time="2024-11-23T22:09:21+05:00" level=info msg="Connected to Product Service"
time="2024-11-23T22:09:21+05:00" level=info msg="Service clients initialized"
time="2024-11-23T22:09:21+05:00" level=info msg="Starting API Gateway on address::9000"
time="2024-11-23T22:09:21+05:00" level=info msg="Starting API Gateway on: :9000"
time="2024-11-23T22:11:21+05:00" level=info msg="Received signal:interrupt"
time="2024-11-23T22:11:21+05:00" level=fatal msg="http: Server closed"
time="2024-11-23T22:27:53+05:00" level=info msg="Configuration loaded successfully"
time="2024-11-23T22:27:53+05:00" level=info msg="Connected to Product Service"
time="2024-11-23T22:27:53+05:00" level=info msg="Service clients initialized"
time="2024-11-23T22:27:53+05:00" level=info msg="Starting API Gateway on address::9000"
time="2024-11-23T22:27:53+05:00" level=info msg="Starting API Gateway on: :9000"
time="2024-11-23T22:29:57+05:00" level=error msg="CreateProduct: Binding error - Key: 'FormData.File' Error:Field validation for 'File' failed on the 'required' tag"
time="2024-11-23T22:30:33+05:00" level=info msg="Received signal:interrupt"
time="2024-11-23T22:30:33+05:00" level=fatal msg="http: Server closed"
time="2024-11-23T22:43:12+05:00" level=info msg="Configuration loaded successfully"
time="2024-11-23T22:43:12+05:00" level=info msg="Connected to Product Service"
time="2024-11-23T22:43:12+05:00" level=info msg="Service clients initialized"
time="2024-11-23T22:43:12+05:00" level=info msg="Starting API Gateway on address::9000"
time="2024-11-23T22:43:12+05:00" level=info msg="Starting API Gateway on: :9000"
time="2024-11-23T22:49:33+05:00" level=info msg="Received signal:interrupt"
time="2024-11-23T22:49:33+05:00" level=fatal msg="http: Server closed"
time="2024-11-23T22:53:53+05:00" level=info msg="Configuration loaded successfully"
time="2024-11-23T22:53:53+05:00" level=info msg="Connected to Product Service"
time="2024-11-23T22:53:53+05:00" level=info msg="Service clients initialized"
time="2024-11-23T22:53:53+05:00" level=info msg="Starting API Gateway on address::9000"
time="2024-11-23T22:53:53+05:00" level=info msg="Starting API Gateway on: :9000"
time="2024-11-23T22:55:10+05:00" level=error msg="CreateProduct: No product data provided"
time="2024-11-23T22:57:44+05:00" level=info msg="CreateProduct: Successfully created product with ID: 6742179863caab0f72a67b75"
time="2024-11-23T23:05:06+05:00" level=info msg="Received signal:interrupt"
time="2024-11-23T23:05:06+05:00" level=fatal msg="http: Server closed"
time="2024-11-23T23:18:47+05:00" level=info msg="Configuration loaded successfully"
time="2024-11-23T23:18:47+05:00" level=info msg="Connected to Product Service"
time="2024-11-23T23:18:47+05:00" level=info msg="Service clients initialized"
time="2024-11-23T23:18:47+05:00" level=info msg="Starting API Gateway on address::9000"
time="2024-11-23T23:18:47+05:00" level=info msg="Starting API Gateway on: :9000"
time="2024-11-23T23:20:16+05:00" level=info msg="CreateProduct: Successfully 67421ce063caab0f72a67b76"
time="2024-11-23T23:21:39+05:00" level=info msg="Received signal:interrupt"
time="2024-11-23T23:21:39+05:00" level=fatal msg="http: Server closed"
time="2024-11-24T16:51:27+05:00" level=info msg="Configuration loaded successfully"
time="2024-11-24T16:51:27+05:00" level=info msg="Connected to Product Service"
time="2024-11-24T16:51:27+05:00" level=info msg="Service clients initialized"
time="2024-11-24T16:51:27+05:00" level=info msg="Connected to MinIO"
time="2024-11-24T16:51:27+05:00" level=info msg="Starting API Gateway on address::9000"
time="2024-11-24T16:51:27+05:00" level=info msg="Starting API Gateway on: :9000"
time="2024-11-24T16:51:56+05:00" level=info msg="Received signal:interrupt"
time="2024-11-24T16:51:56+05:00" level=fatal msg="http: Server closed"
time="2024-11-24T16:52:37+05:00" level=info msg="Configuration loaded successfully"
time="2024-11-24T16:52:37+05:00" level=info msg="Connected to Product Service"
time="2024-11-24T16:52:37+05:00" level=info msg="Service clients initialized"
time="2024-11-24T16:52:37+05:00" level=info msg="Connected to MinIO"
time="2024-11-24T16:52:37+05:00" level=info msg="Starting API Gateway on address::9000"
time="2024-11-24T16:52:37+05:00" level=info msg="Starting API Gateway on: :9000"
time="2024-11-24T16:54:20+05:00" level=error msg="CreateProduct: MakeBucket error - Put \"http://localhost:9100/products/\": dial tcp 127.0.0.1:9100: connect: connection refused"
time="2024-11-24T16:54:51+05:00" level=info msg="CreateProduct: Successfully 6743140a4b9f9444ac0c1e75"
time="2024-11-24T16:55:56+05:00" level=error msg="GetListProduct: Service error - rpc error: code = Unknown desc = error decoding key colors: cannot decode array into a map[string]int32"
time="2024-11-24T17:01:49+05:00" level=info msg="DeleteProduct: Successfullydeleted"
time="2024-11-24T17:02:08+05:00" level=info msg="DeleteProduct: Successfullydeleted"
time="2024-11-24T17:02:20+05:00" level=info msg="DeleteProduct: Successfullydeleted"
time="2024-11-24T17:02:31+05:00" level=info msg="DeleteProduct: Successfullydeleted"
time="2024-11-24T17:02:41+05:00" level=info msg="GetListProduct: Successfully1"
time="2024-11-24T17:03:33+05:00" level=info msg="CreateProduct: Successfully 674316154b9f9444ac0c1e76"
time="2024-11-24T17:03:41+05:00" level=info msg="GetListProduct: Successfully2"
time="2024-11-24T17:04:04+05:00" level=info msg="GetListProduct: Successfully2"
time="2024-11-24T17:04:38+05:00" level=info msg="GetListProduct: Successfully2"
time="2024-11-24T17:09:21+05:00" level=info msg="GetListProduct: Successfully2"
time="2024-11-24T17:10:26+05:00" level=info msg="Received signal:interrupt"
time="2024-11-24T17:10:26+05:00" level=fatal msg="http: Server closed"
time="2024-11-24T17:10:52+05:00" level=info msg="Configuration loaded successfully"
time="2024-11-24T17:10:52+05:00" level=info msg="Connected to Product Service"
time="2024-11-24T17:10:52+05:00" level=info msg="Service clients initialized"
time="2024-11-24T17:10:52+05:00" level=info msg="Connected to MinIO"
time="2024-11-24T17:10:52+05:00" level=info msg="Starting API Gateway on address::9000"
time="2024-11-24T17:10:52+05:00" level=info msg="Starting API Gateway on: :9000"
time="2024-11-24T17:11:06+05:00" level=info msg="GetListProduct: Successfully0"
time="2024-11-24T17:11:33+05:00" level=info msg="GetListProduct: Successfully1"
time="2024-11-24T17:11:56+05:00" level=info msg="GetListProduct: Successfully2"
time="2024-11-24T17:12:09+05:00" level=info msg="GetListProduct: Successfully0"
time="2024-11-24T17:12:50+05:00" level=info msg="GetListProduct: Successfully1"
time="2024-11-24T17:12:58+05:00" level=info msg="GetListProduct: Successfully0"
time="2024-11-24T17:13:01+05:00" level=info msg="GetListProduct: Successfully0"
time="2024-11-24T17:13:05+05:00" level=info msg="GetListProduct: Successfully2"
time="2024-11-24T17:13:20+05:00" level=info msg="GetListProduct: Successfully0"
time="2024-11-24T17:13:26+05:00" level=info msg="GetListProduct: Successfully1"
time="2024-11-24T17:14:32+05:00" level=info msg="GetListProduct: Successfully0"
time="2024-11-24T17:14:38+05:00" level=info msg="GetListProduct: Successfully1"
time="2024-11-24T17:14:50+05:00" level=info msg="GetListProduct: Successfully0"
time="2024-11-24T17:14:56+05:00" level=info msg="GetListProduct: Successfully1"
time="2024-11-24T17:15:29+05:00" level=info msg="GetListProduct: Successfully1"
time="2024-11-24T17:15:45+05:00" level=info msg="GetListProduct: Successfully0"
time="2024-11-24T17:15:51+05:00" level=info msg="GetListProduct: Successfully1"
time="2024-11-24T17:22:10+05:00" level=info msg="Received signal:interrupt"
time="2024-11-24T17:22:10+05:00" level=fatal msg="http: Server closed"
time="2024-11-24T17:45:47+05:00" level=info msg="Configuration loaded successfully"
time="2024-11-24T17:45:47+05:00" level=info msg="Connected to Product Service"
time="2024-11-24T17:45:47+05:00" level=info msg="Service clients initialized"
time="2024-11-24T17:45:47+05:00" level=info msg="Connected to MinIO"
time="2024-11-24T17:45:47+05:00" level=info msg="Starting API Gateway on address::9000"
time="2024-11-24T17:45:47+05:00" level=info msg="Starting API Gateway on: :9000"
time="2024-11-24T17:47:35+05:00" level=error msg="GetListProduct: Service error - rpc error: code = Unknown desc = (BadValue) $regex has to be a string"
time="2024-11-24T17:50:54+05:00" level=info msg="Received signal:interrupt"
time="2024-11-24T17:50:54+05:00" level=fatal msg="http: Server closed"
time="2024-11-24T17:52:10+05:00" level=info msg="Configuration loaded successfully"
time="2024-11-24T17:52:10+05:00" level=info msg="Connected to Product Service"
time="2024-11-24T17:52:10+05:00" level=info msg="Service clients initialized"
time="2024-11-24T17:52:10+05:00" level=info msg="Connected to MinIO"
time="2024-11-24T17:52:10+05:00" level=info msg="Starting API Gateway on address::9000"
time="2024-11-24T17:52:10+05:00" level=info msg="Starting API Gateway on: :9000"
time="2024-11-24T17:52:24+05:00" level=error msg="GetListProduct: Service error - rpc error: code = Unknown desc = (BadValue) $regex has to be a string"
time="2024-11-24T17:52:35+05:00" level=info msg="Received signal:interrupt"
time="2024-11-24T17:52:35+05:00" level=fatal msg="http: Server closed"
time="2024-11-24T18:19:32+05:00" level=info msg="Configuration loaded successfully"
time="2024-11-24T18:19:32+05:00" level=info msg="Connected to Product Service"
time="2024-11-24T18:19:32+05:00" level=info msg="Service clients initialized"
time="2024-11-24T18:19:32+05:00" level=info msg="Connected to MinIO"
time="2024-11-24T18:19:32+05:00" level=info msg="Starting API Gateway on address::9000"
time="2024-11-24T18:19:32+05:00" level=info msg="Starting API Gateway on: :9000"
time="2024-11-24T18:19:48+05:00" level=error msg="GetListProduct: Service error - rpc error: code = Unknown desc = (BadValue) $regex has to be a string"
time="2024-11-24T18:21:24+05:00" level=error msg="GetListProduct: Service error - rpc error: code = Unknown desc = (BadValue) $regex has to be a string"
time="2024-11-24T18:24:46+05:00" level=info msg="GetListProduct: Successfully1"
time="2024-11-24T18:24:53+05:00" level=info msg="GetListProduct: Successfully1"
time="2024-11-24T18:25:02+05:00" level=info msg="GetListProduct: Successfully1"
time="2024-11-24T18:25:19+05:00" level=info msg="GetListProduct: Successfully1"
time="2024-11-24T18:25:33+05:00" level=info msg="GetListProduct: Successfully1"
time="2024-11-24T18:25:38+05:00" level=info msg="GetListProduct: Successfully1"
time="2024-11-24T18:25:59+05:00" level=info msg="GetListProduct: Successfully0"
time="2024-11-24T18:26:41+05:00" level=info msg="GetListProduct: Successfully1"
time="2024-11-24T18:26:56+05:00" level=info msg="GetListProduct: Successfully0"
time="2024-11-24T18:27:00+05:00" level=info msg="GetListProduct: Successfully1"
time="2024-11-24T18:27:21+05:00" level=info msg="GetListProduct: Successfully1"
time="2024-11-24T18:27:29+05:00" level=info msg="Received signal:interrupt"
time="2024-11-24T18:27:29+05:00" level=fatal msg="http: Server closed"
time="2024-11-24T18:32:45+05:00" level=info msg="Configuration loaded successfully"
time="2024-11-24T18:32:45+05:00" level=info msg="Connected to Product Service"
time="2024-11-24T18:32:45+05:00" level=info msg="Service clients initialized"
time="2024-11-24T18:32:45+05:00" level=info msg="Connected to MinIO"
time="2024-11-24T18:32:45+05:00" level=info msg="Starting API Gateway on address::9000"
time="2024-11-24T18:32:45+05:00" level=info msg="Starting API Gateway on: :9000"
time="2024-11-24T18:32:54+05:00" level=info msg="GetListProduct: Successfully1"
time="2024-11-24T18:33:02+05:00" level=info msg="GetListProduct: Successfully1"
time="2024-11-24T18:33:11+05:00" level=info msg="GetListProduct: Successfully1"
time="2024-11-24T18:33:15+05:00" level=info msg="GetListProduct: Successfully1"
time="2024-11-24T18:33:19+05:00" level=info msg="GetListProduct: Successfully1"
time="2024-11-24T18:33:24+05:00" level=info msg="GetListProduct: Successfully0"
time="2024-11-24T18:33:33+05:00" level=info msg="GetListProduct: Successfully1"
time="2024-11-24T18:34:05+05:00" level=info msg="Received signal:interrupt"
time="2024-11-24T18:34:05+05:00" level=fatal msg="http: Server closed"
time="2024-11-24T18:34:06+05:00" level=info msg="Configuration loaded successfully"
time="2024-11-24T18:34:06+05:00" level=info msg="Connected to Product Service"
time="2024-11-24T18:34:06+05:00" level=info msg="Service clients initialized"
time="2024-11-24T18:34:06+05:00" level=info msg="Connected to MinIO"
time="2024-11-24T18:34:06+05:00" level=info msg="Starting API Gateway on address::9000"
time="2024-11-24T18:34:06+05:00" level=info msg="Starting API Gateway on: :9000"
time="2024-11-24T18:34:10+05:00" level=info msg="GetListProduct: Successfully0"
time="2024-11-24T18:34:14+05:00" level=info msg="GetListProduct: Successfully2"
time="2024-11-24T18:34:29+05:00" level=info msg="Received signal:interrupt"
time="2024-11-24T18:34:29+05:00" level=fatal msg="http: Server closed"
time="2024-11-24T18:38:25+05:00" level=info msg="Configuration loaded successfully"
time="2024-11-24T18:38:25+05:00" level=info msg="Connected to Product Service"
time="2024-11-24T18:38:25+05:00" level=info msg="Service clients initialized"
time="2024-11-24T18:38:25+05:00" level=info msg="Connected to MinIO"
time="2024-11-24T18:38:25+05:00" level=info msg="Starting API Gateway on address::9000"
time="2024-11-24T18:38:25+05:00" level=info msg="Starting API Gateway on: :9000"
time="2024-11-24T18:38:45+05:00" level=info msg="GetListProduct: Successfully2"
time="2024-11-24T18:39:07+05:00" level=info msg="Received signal:interrupt"
time="2024-11-24T18:39:07+05:00" level=fatal msg="http: Server closed"
time="2024-11-24T18:39:44+05:00" level=info msg="Configuration loaded successfully"
time="2024-11-24T18:39:44+05:00" level=info msg="Connected to Product Service"
time="2024-11-24T18:39:44+05:00" level=info msg="Service clients initialized"
time="2024-11-24T18:39:44+05:00" level=info msg="Connected to MinIO"
time="2024-11-24T18:39:44+05:00" level=info msg="Starting API Gateway on address::9000"
time="2024-11-24T18:39:44+05:00" level=info msg="Starting API Gateway on: :9000"
time="2024-11-24T18:39:52+05:00" level=info msg="GetListProduct: Successfully2"
time="2024-11-24T18:40:01+05:00" level=info msg="GetListProduct: Successfully2"
time="2024-11-24T18:40:24+05:00" level=info msg="Received signal:interrupt"
time="2024-11-24T18:40:24+05:00" level=fatal msg="http: Server closed"
time="2024-11-24T18:40:25+05:00" level=info msg="Configuration loaded successfully"
time="2024-11-24T18:40:25+05:00" level=info msg="Connected to Product Service"
time="2024-11-24T18:40:25+05:00" level=info msg="Service clients initialized"
time="2024-11-24T18:40:25+05:00" level=info msg="Connected to MinIO"
time="2024-11-24T18:40:25+05:00" level=info msg="Starting API Gateway on address::9000"
time="2024-11-24T18:40:25+05:00" level=info msg="Starting API Gateway on: :9000"
time="2024-11-24T18:40:27+05:00" level=info msg="GetListProduct: Successfully2"
time="2024-11-24T18:41:19+05:00" level=info msg="GetListProduct: Successfully2"
time="2024-11-24T18:41:51+05:00" level=info msg="GetListProduct: Successfully2"
time="2024-11-24T18:42:27+05:00" level=info msg="Received signal:interrupt"
time="2024-11-24T18:42:27+05:00" level=fatal msg="http: Server closed"
time="2024-11-24T18:42:29+05:00" level=info msg="Configuration loaded successfully"
time="2024-11-24T18:42:29+05:00" level=info msg="Connected to Product Service"
time="2024-11-24T18:42:29+05:00" level=info msg="Service clients initialized"
time="2024-11-24T18:42:29+05:00" level=info msg="Connected to MinIO"
time="2024-11-24T18:42:29+05:00" level=info msg="Starting API Gateway on address::9000"
time="2024-11-24T18:42:29+05:00" level=info msg="Starting API Gateway on: :9000"
time="2024-11-24T18:42:31+05:00" level=info msg="GetListProduct: Successfully2"
time="2024-11-24T18:43:50+05:00" level=info msg="Received signal:interrupt"
time="2024-11-24T18:43:50+05:00" level=fatal msg="http: Server closed"
time="2024-11-24T18:43:54+05:00" level=info msg="Configuration loaded successfully"
time="2024-11-24T18:43:54+05:00" level=info msg="Connected to Product Service"
time="2024-11-24T18:43:54+05:00" level=info msg="Service clients initialized"
time="2024-11-24T18:43:54+05:00" level=info msg="Connected to MinIO"
time="2024-11-24T18:43:54+05:00" level=info msg="Starting API Gateway on address::9000"
time="2024-11-24T18:43:54+05:00" level=info msg="Starting API Gateway on: :9000"
time="2024-11-24T18:43:58+05:00" level=info msg="GetListProduct: Successfully2"
time="2024-11-24T18:44:18+05:00" level=info msg="GetListProduct: Successfully2"
time="2024-11-24T18:44:24+05:00" level=info msg="Received signal:interrupt"
time="2024-11-24T18:44:24+05:00" level=fatal msg="http: Server closed"
time="2024-11-24T18:44:27+05:00" level=info msg="Configuration loaded successfully"
time="2024-11-24T18:44:27+05:00" level=info msg="Connected to Product Service"
time="2024-11-24T18:44:27+05:00" level=info msg="Service clients initialized"
time="2024-11-24T18:44:27+05:00" level=info msg="Connected to MinIO"
time="2024-11-24T18:44:27+05:00" level=info msg="Starting API Gateway on address::9000"
time="2024-11-24T18:44:27+05:00" level=info msg="Starting API Gateway on: :9000"
time="2024-11-24T18:44:29+05:00" level=info msg="GetListProduct: Successfully2"
time="2024-11-24T18:46:28+05:00" level=info msg="Received signal:interrupt"
time="2024-11-24T18:46:28+05:00" level=fatal msg="http: Server closed"
time="2024-11-24T18:48:51+05:00" level=info msg="Configuration loaded successfully"
time="2024-11-24T18:48:51+05:00" level=info msg="Connected to Product Service"
time="2024-11-24T18:48:51+05:00" level=info msg="Service clients initialized"
time="2024-11-24T18:48:51+05:00" level=info msg="Connected to MinIO"
time="2024-11-24T18:48:51+05:00" level=info msg="Starting API Gateway on address::9000"
time="2024-11-24T18:48:51+05:00" level=info msg="Starting API Gateway on: :9000"
time="2024-11-24T18:49:08+05:00" level=info msg="GetListProduct: Successfully2"
time="2024-11-24T18:49:13+05:00" level=info msg="GetListProduct: Successfully1"
time="2024-11-24T18:49:20+05:00" level=info msg="GetListProduct: Successfully2"
time="2024-11-24T18:49:30+05:00" level=info msg="Received signal:interrupt"
time="2024-11-24T18:49:30+05:00" level=fatal msg="http: Server closed"
time="2024-11-24T19:05:00+05:00" level=info msg="Configuration loaded successfully"
time="2024-11-24T19:05:00+05:00" level=info msg="Connected to Product Service"
time="2024-11-24T19:05:00+05:00" level=info msg="Service clients initialized"
time="2024-11-24T19:05:00+05:00" level=info msg="Connected to MinIO"
time="2024-11-24T19:05:00+05:00" level=info msg="Starting API Gateway on address::9000"
time="2024-11-24T19:05:00+05:00" level=info msg="Starting API Gateway on: :9000"
time="2024-11-24T19:05:14+05:00" level=info msg="GetListProduct: Successfully2"
time="2024-11-24T19:05:23+05:00" level=info msg="GetListProduct: Successfully1"
time="2024-11-24T19:05:33+05:00" level=info msg="GetListProduct: Successfully1"
time="2024-11-24T19:05:39+05:00" level=info msg="GetListProduct: Successfully1"
time="2024-11-24T19:05:57+05:00" level=info msg="GetListProduct: Successfully1"
time="2024-11-24T19:06:10+05:00" level=info msg="Received signal:interrupt"
time="2024-11-24T19:06:10+05:00" level=fatal msg="http: Server closed"
time="2024-11-25T11:37:06+05:00" level=info msg="Configuration loaded successfully"
time="2024-11-25T11:37:06+05:00" level=info msg="Connected to Product Service"
time="2024-11-25T11:37:06+05:00" level=info msg="Service clients initialized"
time="2024-11-25T11:37:06+05:00" level=info msg="Connected to MinIO"
time="2024-11-25T11:37:06+05:00" level=info msg="Starting API Gateway on address::9000"
time="2024-11-25T11:37:06+05:00" level=info msg="Starting API Gateway on: :9000"
time="2024-11-25T11:37:35+05:00" level=info msg="Received signal:interrupt"
time="2024-11-25T11:37:35+05:00" level=fatal msg="http: Server closed"
time="2024-11-25T16:43:34+05:00" level=info msg="Configuration loaded successfully"
time="2024-11-25T16:43:34+05:00" level=info msg="Connected to Product Service"
time="2024-11-25T16:43:34+05:00" level=info msg="Service clients initialized"
time="2024-11-25T16:43:34+05:00" level=info msg="Connected to MinIO"
time="2024-11-25T16:43:34+05:00" level=info msg="Starting API Gateway on address::9000"
time="2024-11-25T16:43:34+05:00" level=info msg="Starting API Gateway on: :9000"
time="2024-11-25T16:43:55+05:00" level=info msg="GetListProduct: Successfully2"
time="2024-11-25T16:46:49+05:00" level=info msg="Received signal:interrupt"
time="2024-11-25T16:46:49+05:00" level=fatal msg="http: Server closed"
time="2024-11-25T16:51:09+05:00" level=info msg="Configuration loaded successfully"
time="2024-11-25T16:51:09+05:00" level=info msg="Connected to Product Service"
time="2024-11-25T16:51:09+05:00" level=info msg="Service clients initialized"
time="2024-11-25T16:51:09+05:00" level=info msg="Connected to MinIO"
time="2024-11-25T16:51:09+05:00" level=info msg="Starting API Gateway on address::9000"
time="2024-11-25T16:51:09+05:00" level=info msg="Starting API Gateway on: :9000"
time="2024-11-25T16:53:04+05:00" level=info msg="CreateProduct: Successfully 674465206a48a36cbb336cb3"
time="2024-11-25T16:53:18+05:00" level=info msg="GetListProduct: Successfully0"
time="2024-11-25T16:55:51+05:00" level=info msg="Received signal:interrupt"
time="2024-11-25T16:55:51+05:00" level=fatal msg="http: Server closed"
time="2024-11-25T17:51:15+05:00" level=info msg="Configuration loaded successfully"
time="2024-11-25T17:51:15+05:00" level=info msg="Connected to Product Service"
time="2024-11-25T17:51:15+05:00" level=info msg="Service clients initialized"
time="2024-11-25T17:51:15+05:00" level=info msg="Connected to MinIO"
time="2024-11-25T17:51:15+05:00" level=info msg="Starting API Gateway on address::9000"
time="2024-11-25T17:51:15+05:00" level=info msg="Starting API Gateway on: :9000"
time="2024-11-25T17:51:55+05:00" level=error msg="GetProductById: Service error - rpc error: code = Unknown desc = error decoding key bag_id: cannot decode 32-bit integer into a string type"
time="2024-11-25T17:54:42+05:00" level=info msg="CreateProduct: Successfully 67447392f0f92fd6894c2558"
time="2024-11-25T17:55:10+05:00" level=error msg="GetListProduct: Service error - rpc error: code = Unknown desc = error decoding key bag_id: cannot decode 32-bit integer into a string type"
time="2024-11-25T17:56:01+05:00" level=info msg="GetListProduct: Successfully1"
time="2024-11-25T17:56:07+05:00" level=info msg="GetListProduct: Successfully1"
time="2024-11-25T17:56:15+05:00" level=info msg="GetListProduct: Successfully1"
time="2024-11-25T17:56:20+05:00" level=info msg="GetListProduct: Successfully1"
time="2024-11-25T17:56:46+05:00" level=info msg="CreateProduct: Successfully 6744740ef0f92fd6894c2559"
time="2024-11-25T17:56:51+05:00" level=info msg="GetListProduct: Successfully2"
time="2024-11-25T17:56:51+05:00" level=info msg="GetListProduct: Successfully2"
time="2024-11-25T17:57:03+05:00" level=info msg="GetListProduct: Successfully2"
time="2024-11-25T17:57:46+05:00" level=info msg="Received signal:interrupt"
time="2024-11-25T17:57:46+05:00" level=fatal msg="http: Server closed"
time="2024-11-25T18:06:19+05:00" level=info msg="Configuration loaded successfully"
time="2024-11-25T18:06:19+05:00" level=info msg="Connected to Product Service"
time="2024-11-25T18:06:19+05:00" level=info msg="Service clients initialized"
time="2024-11-25T18:06:19+05:00" level=info msg="Connected to MinIO"
time="2024-11-25T18:06:19+05:00" level=info msg="Starting API Gateway on address::9000"
time="2024-11-25T18:06:19+05:00" level=info msg="Starting API Gateway on: :9000"
time="2024-11-25T18:06:37+05:00" level=info msg="GetListProduct: Successfully2"
time="2024-11-25T18:08:10+05:00" level=info msg="GetListProduct: Successfully2"
time="2024-11-25T18:09:17+05:00" level=info msg="Received signal:interrupt"
time="2024-11-25T18:09:17+05:00" level=fatal msg="http: Server closed"
time="2024-11-25T18:14:52+05:00" level=info msg="Configuration loaded successfully"
time="2024-11-25T18:14:52+05:00" level=info msg="Connected to Product Service"
time="2024-11-25T18:14:52+05:00" level=info msg="Service clients initialized"
time="2024-11-25T18:14:52+05:00" level=info msg="Connected to MinIO"
time="2024-11-25T18:14:52+05:00" level=info msg="Starting API Gateway on address::9000"
time="2024-11-25T18:14:52+05:00" level=info msg="Starting API Gateway on: :9000"
time="2024-11-25T18:15:08+05:00" level=info msg="GetListProduct: Successfully2"
time="2024-11-25T18:15:15+05:00" level=info msg="GetListProduct: Successfully2"
time="2024-11-25T18:16:13+05:00" level=info msg="Received signal:interrupt"
time="2024-11-25T18:16:13+05:00" level=fatal msg="http: Server closed"
time="2024-11-25T18:18:29+05:00" level=info msg="Configuration loaded successfully"
time="2024-11-25T18:18:29+05:00" level=info msg="Connected to Product Service"
time="2024-11-25T18:18:29+05:00" level=info msg="Service clients initialized"
time="2024-11-25T18:18:29+05:00" level=info msg="Connected to MinIO"
time="2024-11-25T18:19:05+05:00" level=info msg="Configuration loaded successfully"
time="2024-11-25T18:19:05+05:00" level=info msg="Connected to Product Service"
time="2024-11-25T18:19:05+05:00" level=info msg="Service clients initialized"
time="2024-11-25T18:19:05+05:00" level=info msg="Connected to MinIO"
time="2024-11-25T18:36:57+05:00" level=info msg="Configuration loaded successfully"
time="2024-11-25T18:36:57+05:00" level=info msg="Connected to Product Service"
time="2024-11-25T18:36:57+05:00" level=info msg="Service clients initialized"
time="2024-11-25T18:36:57+05:00" level=info msg="Connected to MinIO"
time="2024-11-25T18:36:57+05:00" level=info msg="Starting API Gateway on address::9000"
time="2024-11-25T18:36:57+05:00" level=info msg="Starting API Gateway on: :9000"
time="2024-11-25T18:37:49+05:00" level=info msg="Received signal:interrupt"
time="2024-11-25T18:37:49+05:00" level=fatal msg="http: Server closed"
time="2024-11-25T18:38:09+05:00" level=info msg="Configuration loaded successfully"
time="2024-11-25T18:38:09+05:00" level=info msg="Connected to Product Service"
time="2024-11-25T18:38:09+05:00" level=info msg="Service clients initialized"
time="2024-11-25T18:38:09+05:00" level=info msg="Connected to MinIO"
time="2024-11-25T18:38:09+05:00" level=info msg="Starting API Gateway on address::9000"
time="2024-11-25T18:38:09+05:00" level=info msg="Starting API Gateway on: :9000"
time="2024-11-25T18:38:23+05:00" level=info msg="GetProductByFilter: Successfully2"
time="2024-11-25T18:38:29+05:00" level=info msg="GetProductByFilter: Successfully0"
time="2024-11-25T18:40:04+05:00" level=info msg="Received signal:interrupt"
time="2024-11-25T18:40:04+05:00" level=fatal msg="http: Server closed"
time="2024-11-25T18:40:07+05:00" level=info msg="Configuration loaded successfully"
time="2024-11-25T18:40:07+05:00" level=info msg="Connected to Product Service"
time="2024-11-25T18:40:07+05:00" level=info msg="Service clients initialized"
time="2024-11-25T18:40:07+05:00" level=info msg="Connected to MinIO"
time="2024-11-25T18:40:07+05:00" level=info msg="Starting API Gateway on address::9000"
time="2024-11-25T18:40:07+05:00" level=info msg="Starting API Gateway on: :9000"
time="2024-11-25T18:40:14+05:00" level=info msg="GetProductByFilter: Successfully0"
time="2024-11-25T18:45:07+05:00" level=info msg="GetProductByFilter: Successfully0"
time="2024-11-25T18:45:13+05:00" level=info msg="GetProductByFilter: Successfully2"
time="2024-11-25T18:45:17+05:00" level=info msg="GetProductByFilter: Successfully1"
time="2024-11-25T18:45:30+05:00" level=info msg="GetProductByFilter: Successfully1"
time="2024-11-25T18:45:40+05:00" level=info msg="GetProductByFilter: Successfully1"
time="2024-11-25T18:45:46+05:00" level=info msg="GetProductByFilter: Successfully1"
time="2024-11-25T18:45:58+05:00" level=info msg="GetProductByFilter: Successfully1"
time="2024-11-25T18:46:05+05:00" level=info msg="GetProductByFilter: Successfully1"
time="2024-11-25T18:46:10+05:00" level=info msg="GetProductByFilter: Successfully2"
time="2024-11-25T18:46:15+05:00" level=info msg="Received signal:interrupt"
time="2024-11-25T18:46:15+05:00" level=fatal msg="http: Server closed"
time="2024-11-25T18:47:16+05:00" level=info msg="Configuration loaded successfully"
time="2024-11-25T18:47:16+05:00" level=info msg="Connected to Product Service"
time="2024-11-25T18:47:16+05:00" level=info msg="Service clients initialized"
time="2024-11-25T18:47:16+05:00" level=info msg="Connected to MinIO"
time="2024-11-25T18:47:16+05:00" level=info msg="Starting API Gateway on address::9000"
time="2024-11-25T18:47:16+05:00" level=info msg="Starting API Gateway on: :9000"
time="2024-11-25T18:47:47+05:00" level=info msg="GetProductById: Successfully101"
time="2024-11-25T18:48:04+05:00" level=info msg="GetProductById: Successfully102"
time="2024-11-25T18:48:15+05:00" level=info msg="DeleteProduct: Successfullydeleted"
time="2024-11-25T18:48:27+05:00" level=info msg="GetProductByFilter: Successfully0"
time="2024-11-25T18:48:31+05:00" level=info msg="GetProductByFilter: Successfully1"
time="2024-11-25T18:48:38+05:00" level=info msg="Received signal:interrupt"
time="2024-11-25T18:48:38+05:00" level=fatal msg="http: Server closed"
time="2024-11-26T18:49:00+05:00" level=info msg="Configuration loaded successfully"
time="2024-11-26T18:49:00+05:00" level=info msg="Connected to Product Service"
time="2024-11-26T18:49:00+05:00" level=info msg="Connected to Product Service"
time="2024-11-26T18:49:00+05:00" level=info msg="Service clients initialized"
time="2024-11-26T18:49:00+05:00" level=info msg="Connected to MinIO"
time="2024-11-26T18:49:00+05:00" level=info msg="Starting API Gateway on address::9000"
time="2024-11-26T18:49:00+05:00" level=info msg="Starting API Gateway on: :9000"
time="2024-11-26T18:49:18+05:00" level=info msg="GetProductByFilter: Successfully1"
time="2024-11-26T18:50:05+05:00" level=info msg="UpdateStock: Successfully"
time="2024-11-26T18:51:11+05:00" level=info msg="Received signal:interrupt"
time="2024-11-26T18:51:11+05:00" level=fatal msg="http: Server closed"
time="2024-11-26T19:00:04+05:00" level=info msg="Configuration loaded successfully"
time="2024-11-26T19:00:04+05:00" level=info msg="Connected to Product Service"
time="2024-11-26T19:00:04+05:00" level=info msg="Connected to Product Service"
time="2024-11-26T19:00:04+05:00" level=info msg="Service clients initialized"
time="2024-11-26T19:00:04+05:00" level=info msg="Connected to MinIO"
time="2024-11-26T19:00:04+05:00" level=info msg="Starting API Gateway on address::9000"
time="2024-11-26T19:00:04+05:00" level=info msg="Starting API Gateway on: :9000"
time="2024-11-26T19:00:13+05:00" level=info msg="GetDashboardReport: Successfully retrieved report"
time="2024-11-26T19:01:07+05:00" level=info msg="UpdateStock: Successfully"
time="2024-11-26T19:01:28+05:00" level=info msg="GetDashboardReport: Successfully retrieved report"
time="2024-11-26T19:02:03+05:00" level=info msg="Received signal:interrupt"
time="2024-11-26T19:02:03+05:00" level=fatal msg="http: Server closed"
time="2024-11-27T14:27:55+05:00" level=info msg="Configuration loaded successfully"
time="2024-11-27T14:27:55+05:00" level=info msg="Connected to Product Service"
time="2024-11-27T14:27:55+05:00" level=info msg="Connected to Product Service"
time="2024-11-27T14:27:55+05:00" level=info msg="Service clients initialized"
time="2024-11-27T14:27:55+05:00" level=info msg="Connected to MinIO"
time="2024-11-27T14:27:55+05:00" level=info msg="Starting API Gateway on address::9000"
time="2024-11-27T14:27:55+05:00" level=info msg="Starting API Gateway on: :9000"
time="2024-11-27T14:28:50+05:00" level=info msg="GetDashboardReport: Successfully retrieved report"
time="2024-11-27T14:29:55+05:00" level=info msg="GetProductByFilter: Successfully1"
time="2024-11-27T14:30:46+05:00" level=info msg="GetDashboardReport: Successfully retrieved report"
time="2024-11-27T14:31:31+05:00" level=info msg="UpdateStock: Successfully"
time="2024-11-27T14:31:36+05:00" level=info msg="GetDashboardReport: Successfully retrieved report"
time="2024-11-27T14:31:48+05:00" level=info msg="GetProductByFilter: Successfully1"
time="2024-11-27T14:39:03+05:00" level=info msg="GetDashboardReport: Successfully retrieved report"
time="2024-11-27T14:39:09+05:00" level=info msg="GetDashboardReport: Successfully retrieved report"
time="2024-11-27T14:39:54+05:00" level=info msg="GetDashboardReport: Successfully retrieved report"
time="2024-11-27T15:01:10+05:00" level=error msg="GetDashboardReport: Service error - rpc error: code = Unknown desc = sql: Scan error on column index 0, name \"total_sales\": converting NULL to int64 is unsupported"
time="2024-11-27T15:02:26+05:00" level=error msg="GetDashboardReport: Service error - rpc error: code = Unknown desc = sql: Scan error on column index 0, name \"total_sales\": converting NULL to int64 is unsupported"
time="2024-11-27T15:18:23+05:00" level=info msg="Configuration loaded successfully"
time="2024-11-27T15:18:23+05:00" level=info msg="Connected to Product Service"
time="2024-11-27T15:18:23+05:00" level=info msg="Connected to Product Service"
time="2024-11-27T15:18:23+05:00" level=info msg="Service clients initialized"
time="2024-11-27T15:18:23+05:00" level=info msg="Connected to MinIO"
time="2024-11-27T15:18:23+05:00" level=info msg="Starting API Gateway on address::9000"
time="2024-11-27T15:18:23+05:00" level=info msg="Starting API Gateway on: :9000"
time="2024-11-27T15:18:43+05:00" level=error msg="GetDashboardReport: Service error - rpc error: code = Unavailable desc = error reading from server: EOF"
time="2024-11-27T15:21:44+05:00" level=info msg="GetDashboardReport: Successfully retrieved report"
time="2024-11-27T15:22:24+05:00" level=info msg="GetProductByFilter: Successfully1"
time="2024-11-27T15:22:53+05:00" level=info msg="UpdateStock: Successfully"
time="2024-11-27T15:23:05+05:00" level=info msg="GetDashboardReport: Successfully retrieved report"
time="2024-11-27T15:23:18+05:00" level=info msg="GetDashboardReport: Successfully retrieved report"
time="2024-11-27T15:23:29+05:00" level=info msg="Received signal:interrupt"
time="2024-11-27T15:23:29+05:00" level=fatal msg="http: Server closed"
time="2024-11-27T15:28:00+05:00" level=info msg="Configuration loaded successfully"
time="2024-11-27T15:28:00+05:00" level=info msg="Connected to Product Service"
time="2024-11-27T15:28:00+05:00" level=info msg="Connected to Product Service"
time="2024-11-27T15:28:00+05:00" level=info msg="Service clients initialized"
time="2024-11-27T15:28:00+05:00" level=info msg="Connected to MinIO"
time="2024-11-27T15:28:00+05:00" level=info msg="Starting API Gateway on address::9000"
time="2024-11-27T15:28:00+05:00" level=info msg="Starting API Gateway on: :9000"
time="2024-11-27T15:28:27+05:00" level=info msg="GetDashboardReport: Successfully retrieved report"
time="2024-11-27T15:29:12+05:00" level=info msg="Received signal:interrupt"
time="2024-11-27T15:29:12+05:00" level=fatal msg="http: Server closed"
time="2024-11-27T15:32:15+05:00" level=info msg="Configuration loaded successfully"
time="2024-11-27T15:32:15+05:00" level=info msg="Connected to Product Service"
time="2024-11-27T15:32:15+05:00" level=info msg="Connected to Product Service"
time="2024-11-27T15:32:15+05:00" level=info msg="Service clients initialized"
time="2024-11-27T15:32:15+05:00" level=info msg="Connected to MinIO"
time="2024-11-27T15:32:15+05:00" level=info msg="Starting API Gateway on address::9000"
time="2024-11-27T15:32:15+05:00" level=info msg="Starting API Gateway on: :9000"
time="2024-11-27T15:32:31+05:00" level=info msg="GetDashboardReport: Successfully retrieved report"
time="2024-11-27T15:34:29+05:00" level=info msg="Received signal:interrupt"
time="2024-11-27T15:34:29+05:00" level=fatal msg="http: Server closed"
time="2024-11-27T15:34:54+05:00" level=info msg="Configuration loaded successfully"
time="2024-11-27T15:34:54+05:00" level=info msg="Connected to Product Service"
time="2024-11-27T15:34:54+05:00" level=info msg="Connected to Product Service"
time="2024-11-27T15:34:54+05:00" level=info msg="Service clients initialized"
time="2024-11-27T15:34:54+05:00" level=info msg="Connected to MinIO"
time="2024-11-27T15:34:54+05:00" level=info msg="Starting API Gateway on address::9000"
time="2024-11-27T15:34:54+05:00" level=info msg="Starting API Gateway on: :9000"
time="2024-11-27T15:34:58+05:00" level=info msg="GetDashboardReport: Successfully retrieved report"
time="2024-11-27T15:35:06+05:00" level=info msg="GetDashboardReport: Successfully retrieved report"
time="2024-11-27T15:35:20+05:00" level=info msg="Received signal:interrupt"
time="2024-11-27T15:35:20+05:00" level=fatal msg="http: Server closed"
time="2024-11-27T15:35:55+05:00" level=info msg="Configuration loaded successfully"
time="2024-11-27T15:35:55+05:00" level=info msg="Connected to Product Service"
time="2024-11-27T15:35:55+05:00" level=info msg="Connected to Product Service"
time="2024-11-27T15:35:55+05:00" level=info msg="Service clients initialized"
time="2024-11-27T15:35:55+05:00" level=info msg="Connected to MinIO"
time="2024-11-27T15:35:55+05:00" level=info msg="Starting API Gateway on address::9000"
time="2024-11-27T15:35:55+05:00" level=info msg="Starting API Gateway on: :9000"
time="2024-11-27T15:36:01+05:00" level=info msg="GetDashboardReport: Successfully retrieved report"
time="2024-11-27T15:36:04+05:00" level=info msg="Received signal:interrupt"
time="2024-11-27T15:36:04+05:00" level=fatal msg="http: Server closed"
time="2024-11-27T18:31:56+05:00" level=info msg="Configuration loaded successfully"
time="2024-11-27T18:31:56+05:00" level=info msg="Connected to Product Service"
time="2024-11-27T18:31:56+05:00" level=info msg="Connected to Product Service"
time="2024-11-27T18:31:56+05:00" level=info msg="Service clients initialized"
time="2024-11-27T18:31:56+05:00" level=info msg="Connected to MinIO"
time="2024-11-27T18:31:56+05:00" level=info msg="Starting API Gateway on address::9000"
time="2024-11-27T18:31:56+05:00" level=info msg="Starting API Gateway on: :9000"
time="2024-11-27T18:34:37+05:00" level=info msg="Received signal:interrupt"
time="2024-11-27T18:34:37+05:00" level=fatal msg="http: Server closed"
time="2024-11-28T11:58:56+05:00" level=info msg="Configuration loaded successfully"
time="2024-11-28T11:58:56+05:00" level=info msg="Connected to Product Service"
time="2024-11-28T11:58:56+05:00" level=info msg="Connected to Product Service"
time="2024-11-28T11:58:56+05:00" level=info msg="Connected to Debt Service"
time="2024-11-28T11:58:56+05:00" level=info msg="Service clients initialized"
time="2024-11-28T11:58:56+05:00" level=info msg="Connected to MinIO"
time="2024-11-28T11:58:56+05:00" level=info msg="Starting API Gateway on address::9000"
time="2024-11-28T11:58:56+05:00" level=info msg="Starting API Gateway on: :9000"
time="2024-11-28T12:00:12+05:00" level=info msg="CreateDebt: Successfully status:true message:\"Debt Created Successfully\" debt:{id:\"cbd7b0dc-48da-48d6-87b0-dd87a4dcef46\" first_name:\"Hadicha\" last_name:\"Chamahkamova\" phone_number:\"+998901234567\" jshshir:\"12345678901234\" address:\"742 Evergreen Terrace, Springfield\" price:\"5000.00\" price_paid:\"1500.00\" acquaintance:\"John Doe\" collateral:\"Car - Toyota Camry 2020\" deadline:\"2024-12-31 00:00:00 +0000 +0000\" DebtCUD:{created_at:\"2024-11-28 12:00:12.18557 +0000 +0000\" updated_at:\"2024-11-28 12:00:12.18557 +0000 +0000\"}}"
time="2024-11-28T12:01:03+05:00" level=info msg="GetDebtByFilter: Successfully 1"
time="2024-11-28T12:01:10+05:00" level=info msg="GetDebtByFilter: Successfully 1"
time="2024-11-28T12:01:15+05:00" level=info msg="GetDebtByFilter: Successfully 0"
time="2024-11-28T12:01:25+05:00" level=info msg="GetDebtByFilter: Successfully 1"
time="2024-11-28T12:01:33+05:00" level=info msg="GetDebtByFilter: Successfully 1"
time="2024-11-28T12:01:48+05:00" level=info msg="GetDebtByFilter: Successfully 1"
time="2024-11-28T12:02:04+05:00" level=info msg="GetDebtByFilter: Successfully 1"
time="2024-11-28T12:02:21+05:00" level=info msg="GetDebtByFilter: Successfully 0"
time="2024-11-28T12:02:31+05:00" level=info msg="GetDebtByFilter: Successfully 1"
time="2024-11-28T12:02:42+05:00" level=info msg="GetDebtByFilter: Successfully 0"
time="2024-11-28T12:02:48+05:00" level=info msg="GetDebtByFilter: Successfully 1"
time="2024-11-28T12:02:55+05:00" level=info msg="GetDebtByFilter: Successfully 1"
time="2024-11-28T12:03:07+05:00" level=info msg="GetDebtByFilter: Successfully 1"
time="2024-11-28T12:03:34+05:00" level=info msg="GetDebtByFilter: Successfully 0"
time="2024-11-28T12:03:49+05:00" level=info msg="GetDebtByFilter: Successfully 0"
time="2024-11-28T12:04:12+05:00" level=info msg="GetDebtByFilter: Successfully 1"
time="2024-11-28T12:08:51+05:00" level=info msg="GetDebtByFilter: Successfully 1"
time="2024-11-28T12:10:15+05:00" level=info msg="Received signal:interrupt"
time="2024-11-28T12:10:15+05:00" level=fatal msg="http: Server closed"
time="2024-11-28T14:00:41+05:00" level=info msg="Configuration loaded successfully"
time="2024-11-28T14:00:41+05:00" level=info msg="Connected to Product Service"
time="2024-11-28T14:00:41+05:00" level=info msg="Connected to Product Service"
time="2024-11-28T14:00:41+05:00" level=info msg="Connected to Debt Service"
time="2024-11-28T14:00:41+05:00" level=info msg="Service clients initialized"
time="2024-11-28T14:00:41+05:00" level=info msg="Connected to MinIO"
time="2024-11-28T14:00:41+05:00" level=info msg="Starting API Gateway on address::9000"
time="2024-11-28T14:00:41+05:00" level=info msg="Starting API Gateway on: :9000"
time="2024-11-28T14:00:53+05:00" level=error msg="GetDebtByFilter: Service error - rpc error: code = Unknown desc = pq: invalid input syntax for type timestamp: \"\""
time="2024-11-28T14:03:12+05:00" level=info msg="CreateDebt: Successfully status:true message:\"Debt Created Successfully\" debt:{id:\"82a9f631-6ce9-42e0-a811-957bd869e118\" first_name:\"Alice\" last_name:\"Jane\" phone_number:\"+998901234567\" jshshir:\"12345678901234\" address:\"742 Evergreen Terrace, Springfield\" price:\"2500\" price_paid:\"1500\" acquaintance:\"John Doe\" collateral:\"Car - Toyota Camry 2020\" deadline:\"2024-12-31 00:00:00 +0000 +0000\" DebtCUD:{created_at:\"2024-11-28 14:03:12.504704 +0000 +0000\" updated_at:\"2024-11-28 14:03:12.504704 +0000 +0000\"}}"
time="2024-11-28T14:05:52+05:00" level=info msg="Received signal:interrupt"
time="2024-11-28T14:05:52+05:00" level=fatal msg="http: Server closed"
time="2024-11-28T14:07:41+05:00" level=info msg="Configuration loaded successfully"
time="2024-11-28T14:07:41+05:00" level=info msg="Connected to Product Service"
time="2024-11-28T14:07:41+05:00" level=info msg="Connected to Product Service"
time="2024-11-28T14:07:41+05:00" level=info msg="Connected to Debt Service"
time="2024-11-28T14:07:41+05:00" level=info msg="Service clients initialized"
time="2024-11-28T14:07:41+05:00" level=info msg="Connected to MinIO"
time="2024-11-28T14:07:41+05:00" level=info msg="Starting API Gateway on address::9000"
time="2024-11-28T14:07:41+05:00" level=info msg="Starting API Gateway on: :9000"
time="2024-11-28T14:07:50+05:00" level=info msg="GetDebtByFilter: Successfully 2"
time="2024-11-28T14:07:59+05:00" level=info msg="GetDebtByFilter: Successfully 2"
time="2024-11-28T14:08:16+05:00" level=info msg="GetDebtByFilter: Successfully 2"
time="2024-11-28T14:09:23+05:00" level=info msg="Received signal:interrupt"
time="2024-11-28T14:09:23+05:00" level=fatal msg="http: Server closed"
time="2024-11-28T15:35:25+05:00" level=info msg="Configuration loaded successfully"
time="2024-11-28T15:35:25+05:00" level=info msg="Connected to Product Service"
time="2024-11-28T15:35:25+05:00" level=info msg="Connected to Product Service"
time="2024-11-28T15:35:25+05:00" level=info msg="Connected to Debt Service"
time="2024-11-28T15:35:25+05:00" level=info msg="Service clients initialized"
time="2024-11-28T15:35:25+05:00" level=info msg="Connected to MinIO"
time="2024-11-28T15:35:25+05:00" level=info msg="Starting API Gateway on address::9000"
time="2024-11-28T15:35:25+05:00" level=info msg="Starting API Gateway on: :9000"
time="2024-11-28T15:36:11+05:00" level=info msg="GetProductByFilter: Successfully 1"
time="2024-11-28T15:37:43+05:00" level=info msg="UpdateStock: Successfully "
time="2024-11-28T15:37:50+05:00" level=error msg="GetDashboardReport: Service error - rpc error: code = Unknown desc = pq: column \"selling_price\" does not exist"
time="2024-11-28T15:38:34+05:00" level=info msg="UpdateStock: Successfully "
time="2024-11-28T15:38:39+05:00" level=info msg="GetDashboardReport: Successfully retrieved report"
time="2024-11-28T15:39:27+05:00" level=info msg="Received signal:interrupt"
time="2024-11-28T15:39:27+05:00" level=fatal msg="http: Server closed"
time="2024-11-28T19:55:58+05:00" level=info msg="Configuration loaded successfully"
time="2024-11-28T19:55:58+05:00" level=info msg="Connected to Product Service"
time="2024-11-28T19:55:58+05:00" level=info msg="Connected to Product Service"
time="2024-11-28T19:55:58+05:00" level=info msg="Connected to Debt Service"
time="2024-11-28T19:55:58+05:00" level=info msg="Service clients initialized"
time="2024-11-28T19:55:58+05:00" level=info msg="Connected to MinIO"
time="2024-11-28T19:55:58+05:00" level=info msg="Starting API Gateway on address::9000"
time="2024-11-28T19:55:58+05:00" level=info msg="Starting API Gateway on: :9000"
time="2024-11-28T19:56:17+05:00" level=info msg="GetProductByFilter: Successfully 1"
time="2024-11-28T19:57:46+05:00" level=info msg="Received signal:interrupt"
time="2024-11-28T19:57:46+05:00" level=fatal msg="http: Server closed"
time="2024-11-28T19:59:08+05:00" level=info msg="Configuration loaded successfully"
time="2024-11-28T19:59:08+05:00" level=info msg="Connected to Product Service"
time="2024-11-28T19:59:08+05:00" level=info msg="Connected to Product Service"
time="2024-11-28T19:59:08+05:00" level=info msg="Connected to Debt Service"
time="2024-11-28T19:59:08+05:00" level=info msg="Service clients initialized"
time="2024-11-28T19:59:08+05:00" level=info msg="Connected to MinIO"
time="2024-11-28T19:59:08+05:00" level=info msg="Starting API Gateway on address::9000"
time="2024-11-28T19:59:08+05:00" level=info msg="Starting API Gateway on: :9000"
time="2024-11-28T19:59:34+05:00" level=info msg="Received signal:interrupt"
time="2024-11-28T19:59:34+05:00" level=fatal msg="http: Server closed"
